git version 2.16.2.windows.1
Steven Paw
kontakt@stevenpaw.de
Starting clone of https://hub.spigotmc.org/stash/scm/spigot/bukkit.git to Bukkit
Cloned git repository https://hub.spigotmc.org/stash/scm/spigot/bukkit.git to E:\Bibliotheken\Dokumente\Spigotprogramming\Dreamland\Dreamland-Plugin\Spigot\Bukkit. Current HEAD: 33a62b95913e6df50dc60f0fdad3144ba094bef7
Starting clone of https://hub.spigotmc.org/stash/scm/spigot/craftbukkit.git to CraftBukkit
Cloned git repository https://hub.spigotmc.org/stash/scm/spigot/craftbukkit.git to E:\Bibliotheken\Dokumente\Spigotprogramming\Dreamland\Dreamland-Plugin\Spigot\CraftBukkit. Current HEAD: 1988d7f1045b302b5b58d2018a4d1e27a4dbd8fd
Starting clone of https://hub.spigotmc.org/stash/scm/spigot/spigot.git to Spigot
Cloned git repository https://hub.spigotmc.org/stash/scm/spigot/spigot.git to E:\Bibliotheken\Dokumente\Spigotprogramming\Dreamland\Dreamland-Plugin\Spigot\Spigot. Current HEAD: 2086bb074d6795823451bdb9f857d83c0f566990
Starting clone of https://hub.spigotmc.org/stash/scm/spigot/builddata.git to BuildData
Cloned git repository https://hub.spigotmc.org/stash/scm/spigot/builddata.git to E:\Bibliotheken\Dokumente\Spigotprogramming\Dreamland\Dreamland-Plugin\Spigot\BuildData. Current HEAD: be360cc298a06b5355ecd057f5b1feb894a73f0f
Attempting to build version: 'latest' use --rev <version> to override
Found version
{
	"name": "1558",
	"description": "Jenkins build 1558",
	"refs": {
		"BuildData": "be360cc298a06b5355ecd057f5b1feb894a73f0f",
		"Bukkit": "33a62b95913e6df50dc60f0fdad3144ba094bef7",
		"CraftBukkit": "1988d7f1045b302b5b58d2018a4d1e27a4dbd8fd",
		"Spigot": "2086bb074d6795823451bdb9f857d83c0f566990"
	},
	"toolsVersion": 47
}

Pulling updates for E:\Bibliotheken\Dokumente\Spigotprogramming\Dreamland\Dreamland-Plugin\Spigot\BuildData\.git
Successfully fetched updates!
Checked out: be360cc298a06b5355ecd057f5b1feb894a73f0f
Pulling updates for E:\Bibliotheken\Dokumente\Spigotprogramming\Dreamland\Dreamland-Plugin\Spigot\Bukkit\.git
Successfully fetched updates!
Checked out: 33a62b95913e6df50dc60f0fdad3144ba094bef7
Pulling updates for E:\Bibliotheken\Dokumente\Spigotprogramming\Dreamland\Dreamland-Plugin\Spigot\CraftBukkit\.git
Successfully fetched updates!
Checked out: 1988d7f1045b302b5b58d2018a4d1e27a4dbd8fd
Pulling updates for E:\Bibliotheken\Dokumente\Spigotprogramming\Dreamland\Dreamland-Plugin\Spigot\Spigot\.git
Successfully fetched updates!
Checked out: 2086bb074d6795823451bdb9f857d83c0f566990
Attempting to build Minecraft with details: VersionInfo(minecraftVersion=1.12.2, accessTransforms=bukkit-1.12.2.at, classMappings=bukkit-1.12.2-cl.csrg, memberMappings=bukkit-1.12.2-members.csrg, packageMappings=package.srg, minecraftHash=71728ed3fbd0acd1394bf3ade2649a5c, decompileCommand=java -jar BuildData/bin/fernflower.jar -dgs=1 -hdc=0 -asc=1 -udv=0 {0} {1}, serverUrl=https://launcher.mojang.com/mc/game/1.12.2/server/886945bfb2b978778c3a0288fd7fab09d315b25f/server.jar)
Found good Minecraft hash (71728ed3fbd0acd1394bf3ade2649a5c)
Found good Minecraft hash (71728ed3fbd0acd1394bf3ade2649a5c)
[INFO] Scanning for projects...
[INFO] 
[INFO] ------------------------------------------------------------------------
[INFO] Building Maven Stub Project (No POM) 1
[INFO] ------------------------------------------------------------------------
[INFO] 
[INFO] --- maven-install-plugin:2.4:install-file (default-cli) @ standalone-pom ---
[INFO] Installing E:\Bibliotheken\Dokumente\Spigotprogramming\Dreamland\Dreamland-Plugin\Spigot\work\mapped.cf6b1333.jar to C:\Users\Steffen Kahl\.m2\repository\org\spigotmc\minecraft-server\1.12.2-SNAPSHOT\minecraft-server-1.12.2-SNAPSHOT.jar
[INFO] ------------------------------------------------------------------------
[INFO] BUILD SUCCESS
[INFO] ------------------------------------------------------------------------
[INFO] Total time: 0.495 s
[INFO] Finished at: 2018-05-01T00:14:41+02:00
[INFO] Final Memory: 8M/245M
[INFO] ------------------------------------------------------------------------
Applying CraftBukkit Patches
Patching with Advancement.patch
Patching with AdvancementDataPlayer.patch
Patching with AdvancementRewards.patch
Patching with Advancements.patch
Patching with Block.patch
Patching with BlockButtonAbstract.patch
Patching with BlockCactus.patch
Patching with BlockCake.patch
Patching with BlockCauldron.patch
Patching with BlockChorusFlower.patch
Patching with BlockCocoa.patch
Patching with BlockCommand.patch
Patching with BlockConcretePowder.patch
Patching with BlockCrops.patch
Patching with BlockDaylightDetector.patch
Patching with BlockDiodeAbstract.patch
Patching with BlockDispenser.patch
Patching with BlockDoor.patch
Patching with BlockDragonEgg.patch
Patching with BlockDropper.patch
Patching with BlockEnderPortal.patch
Patching with BlockFire.patch
Patching with BlockFlowing.patch
Patching with BlockFluids.patch
Patching with BlockGrass.patch
Patching with BlockIce.patch
Patching with BlockJukeBox.patch
Patching with BlockLeaves.patch
Patching with BlockLever.patch
Patching with BlockMagma.patch
Patching with BlockMinecartDetector.patch
Patching with BlockMobSpawner.patch
Patching with BlockMonsterEggs.patch
Patching with BlockMushroom.patch
Patching with BlockMycel.patch
Patching with BlockNetherWart.patch
Patching with BlockOre.patch
Patching with BlockPiston.patch
Patching with BlockPlant.patch
Patching with BlockPortal.patch
Patching with BlockPoweredRail.patch
Patching with BlockPressurePlateAbstract.patch
Patching with BlockPressurePlateBinary.patch
Patching with BlockPressurePlateWeighted.patch
Patching with BlockPumpkin.patch
Patching with BlockRedstoneLamp.patch
Patching with BlockRedstoneOre.patch
Patching with BlockRedstoneTorch.patch
Patching with BlockRedstoneWire.patch
Patching with BlockReed.patch
Patching with BlockSapling.patch
Patching with BlockShulkerBox.patch
Patching with BlockSkull.patch
Patching with BlockSnow.patch
Patching with BlockSnowBlock.patch
Patching with BlockSoil.patch
Patching with BlockStationary.patch
Patching with BlockStem.patch
Patching with BlockTallPlant.patch
Patching with BlockTNT.patch
Patching with BlockTrapdoor.patch
Patching with BlockTripwire.patch
Patching with BlockTripwireHook.patch
Patching with BlockVine.patch
Patching with BlockWaterLily.patch
Patching with ChatBaseComponent.patch
Patching with ChatModifier.patch
Patching with Chunk.patch
Patching with ChunkProviderGenerate.patch
Patching with ChunkProviderServer.patch
Patching with ChunkRegionLoader.patch
Patching with ChunkSection.patch
Patching with CommandBlockListenerAbstract.patch
Patching with CommandDebug.patch
Patching with CommandExecute.patch
Patching with CommandGamemode.patch
Patching with CommandGamerule.patch
Patching with CommandSpreadPlayers.patch
Patching with CommandTeleport.patch
Patching with CommandTp.patch
Patching with Container.patch
Patching with ContainerAnvil.patch
Patching with ContainerBeacon.patch
Patching with ContainerBrewingStand.patch
Patching with ContainerChest.patch
Patching with ContainerDispenser.patch
Patching with ContainerEnchantTable.patch
Patching with ContainerFurnace.patch
Patching with ContainerHopper.patch
Patching with ContainerHorse.patch
Patching with ContainerMerchant.patch
Patching with ContainerPlayer.patch
Patching with ContainerShulkerBox.patch
Patching with ContainerWorkbench.patch
Patching with CraftingManager.patch
Patching with CrashReport.patch
Patching with CustomFunction.patch
Patching with CustomFunctionData.patch
Patching with DamageSource.patch
Patching with DataInspectorBlockEntity.patch
Patching with DataPaletteBlock.patch
Patching with DataWatcher.patch
Patching with DedicatedServer.patch
Patching with DispenseBehaviorItem.patch
Patching with DispenseBehaviorProjectile.patch
Patching with DispenserRegistry.patch
Patching with DragonControllerManager.patch
Patching with Enchantment.patch
Patching with EnchantmentFrostWalker.patch
Patching with EnchantmentThorns.patch
Patching with Entity.patch
Patching with EntityAgeable.patch
Patching with EntityAnimal.patch
Patching with EntityAreaEffectCloud.patch
Patching with EntityArmorStand.patch
Patching with EntityArrow.patch
Patching with EntityBoat.patch
Patching with EntityChicken.patch
Patching with EntityCow.patch
Patching with EntityCreature.patch
Patching with EntityCreeper.patch
Patching with EntityDamageSourceIndirect.patch
Patching with EntityEgg.patch
Patching with EntityEnderCrystal.patch
Patching with EntityEnderDragon.patch
Patching with EntityEnderman.patch
Patching with EntityEnderPearl.patch
Patching with EntityEnderSignal.patch
Patching with EntityEvokerFangs.patch
Patching with EntityExperienceOrb.patch
Patching with EntityFallingBlock.patch
Patching with EntityFireball.patch
Patching with EntityFireworks.patch
Patching with EntityFishingHook.patch
Patching with EntityGhast.patch
Patching with EntityHanging.patch
Patching with EntityHorseAbstract.patch
Patching with EntityHorseChestedAbstract.patch
Patching with EntityHuman.patch
Patching with EntityInsentient.patch
Patching with EntityIronGolem.patch
Patching with EntityItem.patch
Patching with EntityItemFrame.patch
Patching with EntityLargeFireball.patch
Patching with EntityLeash.patch
Patching with EntityLightning.patch
Patching with EntityLiving.patch
Patching with EntityLlamaSpit.patch
Patching with EntityMinecartAbstract.patch
Patching with EntityMinecartCommandBlock.patch
Patching with EntityMinecartContainer.patch
Patching with EntityMonster.patch
Patching with EntityMushroomCow.patch
Patching with EntityOcelot.patch
Patching with EntityPainting.patch
Patching with EntityParrot.patch
Patching with EntityPig.patch
Patching with EntityPlayer.patch
Patching with EntityPotion.patch
Patching with EntityProjectile.patch
Patching with EntityRabbit.patch
Patching with EntitySheep.patch
Patching with EntityShulker.patch
Patching with EntityShulkerBullet.patch
Patching with EntitySilverfish.patch
Patching with EntitySkeleton.patch
Patching with EntitySkeletonAbstract.patch
Patching with EntitySkeletonWither.patch
Patching with EntitySlice.patch
Patching with EntitySlime.patch
Patching with EntitySmallFireball.patch
Patching with EntitySnowman.patch
Patching with EntitySpider.patch
Patching with EntityThrownExpBottle.patch
Patching with EntityTippedArrow.patch
Patching with EntityTNTPrimed.patch
Patching with EntityTracker.patch
Patching with EntityTrackerEntry.patch
Patching with EntityVex.patch
Patching with EntityVillager.patch
Patching with EntityWither.patch
Patching with EntityWitherSkull.patch
Patching with EntityWolf.patch
Patching with EntityZombie.patch
Patching with EntityZombieVillager.patch
Patching with ExpirableListEntry.patch
Patching with Explosion.patch
Patching with FoodMetaData.patch
Patching with HandshakeListener.patch
Patching with IDataManager.patch
Patching with IInventory.patch
Patching with InventoryCrafting.patch
Patching with InventoryCraftResult.patch
Patching with InventoryEnderChest.patch
Patching with InventoryHorseChest.patch
Patching with InventoryLargeChest.patch
Patching with InventoryMerchant.patch
Patching with InventorySubcontainer.patch
Patching with IRecipe.patch
Patching with ItemArmor.patch
Patching with ItemBlock.patch
Patching with ItemBoat.patch
Patching with ItemBow.patch
Patching with ItemBucket.patch
Patching with ItemChorusFruit.patch
Patching with ItemDye.patch
Patching with ItemEnderPearl.patch
Patching with ItemFireball.patch
Patching with ItemFishingRod.patch
Patching with ItemFlintAndSteel.patch
Patching with ItemHanging.patch
Patching with ItemLeash.patch
Patching with ItemMinecart.patch
Patching with ItemMonsterEgg.patch
Patching with ItemRecord.patch
Patching with ItemRedstone.patch
Patching with ItemReed.patch
Patching with ItemSkull.patch
Patching with ItemSnowball.patch
Patching with ItemStack.patch
Patching with ItemWaterLily.patch
Patching with ItemWorldMap.patch
Patching with ItemWrittenBook.patch
Patching with JsonList.patch
Patching with LoginListener.patch
Patching with MerchantRecipe.patch
Patching with MethodProfiler.patch
Patching with MinecraftServer.patch
Patching with MobEffectList.patch
Patching with MobSpawnerAbstract.patch
Patching with NameReferencingFileConverter.patch
Patching with NetworkManager.patch
Patching with PacketDataSerializer.patch
Patching with PacketPlayInCloseWindow.patch
Patching with PacketPlayOutWorldBorder.patch
Patching with PacketStatusListener.patch
Patching with PathfinderGoalBreakDoor.patch
Patching with PathfinderGoalBreed.patch
Patching with PathfinderGoalDefendVillage.patch
Patching with PathfinderGoalEatTile.patch
Patching with PathfinderGoalFollowOwner.patch
Patching with PathfinderGoalHorseTrap.patch
Patching with PathfinderGoalHurtByTarget.patch
Patching with PathfinderGoalMakeLove.patch
Patching with PathfinderGoalNearestAttackableTarget.patch
Patching with PathfinderGoalNearestAttackableTargetInsentient.patch
Patching with PathfinderGoalOwnerHurtByTarget.patch
Patching with PathfinderGoalOwnerHurtTarget.patch
Patching with PathfinderGoalPanic.patch
Patching with PathfinderGoalSit.patch
Patching with PathfinderGoalTame.patch
Patching with PathfinderGoalTarget.patch
Patching with PathfinderGoalTargetNearestPlayer.patch
Patching with PathfinderGoalTempt.patch
Patching with PathfinderGoalVillagerFarm.patch
Patching with PlayerChunk.patch
Patching with PlayerChunkMap.patch
Patching with PlayerConnection.patch
Patching with PlayerInteractManager.patch
Patching with PlayerInventory.patch
Patching with PlayerList.patch
Patching with PortalTravelAgent.patch
Patching with PropertyManager.patch
Patching with RecipeArmorDye.patch
Patching with RecipeBookClone.patch
Patching with RecipeFireworks.patch
Patching with RecipeMapClone.patch
Patching with RecipeRepair.patch
Patching with RecipesBanner.patch
Patching with RecipesFurnace.patch
Patching with RecipeShulkerBox.patch
Patching with RecipeTippedArrow.patch
Patching with RecipiesShield.patch
Patching with RegionFileCache.patch
Patching with RemoteControlCommandListener.patch
Patching with ScoreboardServer.patch
Patching with SecondaryWorldServer.patch
Patching with ShapedRecipes.patch
Patching with ShapelessRecipes.patch
Patching with SlotFurnaceResult.patch
Patching with SpawnerCreature.patch
Patching with StatisticManager.patch
Patching with TileEntity.patch
Patching with TileEntityBanner.patch
Patching with TileEntityBeacon.patch
Patching with TileEntityBrewingStand.patch
Patching with TileEntityChest.patch
Patching with TileEntityCommand.patch
Patching with TileEntityContainer.patch
Patching with TileEntityDispenser.patch
Patching with TileEntityEndGateway.patch
Patching with TileEntityFurnace.patch
Patching with TileEntityHopper.patch
Patching with TileEntityNote.patch
Patching with TileEntityShulkerBox.patch
Patching with TileEntitySign.patch
Patching with TileEntityStructure.patch
Patching with UserCache.patch
Patching with Village.patch
Patching with VillageSiege.patch
Patching with World.patch
Patching with WorldBorder.patch
Patching with WorldData.patch
Patching with WorldGenGroundBush.patch
Patching with WorldGenMegaTreeAbstract.patch
Patching with WorldGenRegistration.patch
Patching with WorldGenVillagePieces.patch
Patching with WorldManager.patch
Patching with WorldMap.patch
Patching with WorldNBTStorage.patch
Patching with WorldProviderHell.patch
Patching with WorldServer.patch
Starting clone of file://E:\Bibliotheken\Dokumente\Spigotprogramming\Dreamland\Dreamland-Plugin\Spigot\Bukkit to Spigot\Bukkit
Cloned git repository file://E:\Bibliotheken\Dokumente\Spigotprogramming\Dreamland\Dreamland-Plugin\Spigot\Bukkit to E:\Bibliotheken\Dokumente\Spigotprogramming\Dreamland\Dreamland-Plugin\Spigot\Spigot\Bukkit. Current HEAD: 33a62b95913e6df50dc60f0fdad3144ba094bef7
Starting clone of file://E:\Bibliotheken\Dokumente\Spigotprogramming\Dreamland\Dreamland-Plugin\Spigot\CraftBukkit to Spigot\CraftBukkit
Cloned git repository file://E:\Bibliotheken\Dokumente\Spigotprogramming\Dreamland\Dreamland-Plugin\Spigot\CraftBukkit to E:\Bibliotheken\Dokumente\Spigotprogramming\Dreamland\Dreamland-Plugin\Spigot\Spigot\CraftBukkit. Current HEAD: 1988d7f1045b302b5b58d2018a4d1e27a4dbd8fd
Compiling Bukkit
[INFO] Scanning for projects...
[INFO] 
[INFO] ------------------------------------------------------------------------
[INFO] Building Bukkit 1.12.2-R0.1-SNAPSHOT
[INFO] ------------------------------------------------------------------------
[INFO] 
[INFO] --- maven-clean-plugin:2.5:clean (default-clean) @ bukkit ---
[INFO] 
[INFO] --- maven-resources-plugin:2.6:resources (default-resources) @ bukkit ---
[INFO] Using 'UTF-8' encoding to copy filtered resources.
[INFO] skip non existing resourceDirectory E:\Bibliotheken\Dokumente\Spigotprogramming\Dreamland\Dreamland-Plugin\Spigot\Bukkit\src\main\resources
[INFO] 
[INFO] --- maven-compiler-plugin:3.7.0:compile (default-compile) @ bukkit ---
[INFO] Changes detected - recompiling the module!
[INFO] 
[INFO] --- maven-resources-plugin:2.6:testResources (default-testResources) @ bukkit ---
[INFO] Using 'UTF-8' encoding to copy filtered resources.
[INFO] skip non existing resourceDirectory E:\Bibliotheken\Dokumente\Spigotprogramming\Dreamland\Dreamland-Plugin\Spigot\Bukkit\src\test\resources
[INFO] 
[INFO] --- maven-compiler-plugin:3.7.0:testCompile (default-testCompile) @ bukkit ---
[INFO] Changes detected - recompiling the module!
[INFO] 
[INFO] --- maven-surefire-plugin:2.12.4:test (default-test) @ bukkit ---
[INFO] Surefire report directory: E:\Bibliotheken\Dokumente\Spigotprogramming\Dreamland\Dreamland-Plugin\Spigot\Bukkit\target\surefire-reports

-------------------------------------------------------
 T E S T S
-------------------------------------------------------
Running org.bukkit.ArtTest
Tests run: 5, Failures: 0, Errors: 0, Skipped: 0, Time elapsed: 0.094 sec
Running org.bukkit.BukkitMirrorTest
Tests run: 495, Failures: 0, Errors: 0, Skipped: 0, Time elapsed: 0.167 sec
Running org.bukkit.ChatColorTest
Tests run: 10, Failures: 0, Errors: 0, Skipped: 0, Time elapsed: 0 sec
Running org.bukkit.ChatPaginatorTest
Tests run: 15, Failures: 0, Errors: 0, Skipped: 0, Time elapsed: 0 sec
Running org.bukkit.CoalTypeTest
Tests run: 1, Failures: 0, Errors: 0, Skipped: 0, Time elapsed: 0 sec
Running org.bukkit.ColorTest
Tests run: 52, Failures: 0, Errors: 0, Skipped: 0, Time elapsed: 0.116 sec
Running org.bukkit.configuration.file.YamlConfigurationTest
Tests run: 17, Failures: 0, Errors: 0, Skipped: 0, Time elapsed: 0.218 sec
Running org.bukkit.configuration.MemoryConfigurationTest
Tests run: 6, Failures: 0, Errors: 0, Skipped: 0, Time elapsed: 0.004 sec
Running org.bukkit.configuration.MemorySectionTest
Tests run: 42, Failures: 0, Errors: 0, Skipped: 0, Time elapsed: 0.124 sec
Running org.bukkit.conversations.ConversationContextTest
Tests run: 3, Failures: 0, Errors: 0, Skipped: 0, Time elapsed: 0.001 sec
Running org.bukkit.conversations.ConversationTest
Tests run: 4, Failures: 0, Errors: 0, Skipped: 0, Time elapsed: 0.003 sec
Running org.bukkit.conversations.ValidatingPromptTest
Tests run: 4, Failures: 0, Errors: 0, Skipped: 0, Time elapsed: 0.012 sec
Running org.bukkit.CropStateTest
Tests run: 1, Failures: 0, Errors: 0, Skipped: 0, Time elapsed: 0 sec
Running org.bukkit.DifficultyTest
Tests run: 1, Failures: 0, Errors: 0, Skipped: 0, Time elapsed: 0 sec
Running org.bukkit.DyeColorTest
Tests run: 80, Failures: 0, Errors: 0, Skipped: 0, Time elapsed: 0.01 sec
Running org.bukkit.EffectTest
Tests run: 1, Failures: 0, Errors: 0, Skipped: 0, Time elapsed: 0.002 sec
Running org.bukkit.EntityEffectTest
Tests run: 1, Failures: 0, Errors: 0, Skipped: 0, Time elapsed: 0.007 sec
Running org.bukkit.event.PlayerChatTabCompleteEventTest
Tests run: 1, Failures: 0, Errors: 0, Skipped: 0, Time elapsed: 0.078 sec
Running org.bukkit.event.SyntheticEventTest
Mai 01, 2018 12:15:02 AM org.bukkit.Bukkit setServer
INFORMATION: This server is running TestServer version Version_null (Implementing API version BukkitVersion_null)
Invk org.bukkit.event.TestEvent@30ee2816
Tests run: 1, Failures: 0, Errors: 0, Skipped: 0, Time elapsed: 0.034 sec
Running org.bukkit.GameModeTest
Tests run: 1, Failures: 0, Errors: 0, Skipped: 0, Time elapsed: 0 sec
Running org.bukkit.GrassSpeciesTest
Tests run: 1, Failures: 0, Errors: 0, Skipped: 0, Time elapsed: 0 sec
Running org.bukkit.InstrumentTest
Tests run: 1, Failures: 0, Errors: 0, Skipped: 0, Time elapsed: 0 sec
Running org.bukkit.LocationTest
Tests run: 60, Failures: 0, Errors: 0, Skipped: 0, Time elapsed: 0.008 sec
Running org.bukkit.materials.MaterialDataTest
Tests run: 11, Failures: 0, Errors: 0, Skipped: 0, Time elapsed: 0.006 sec
Running org.bukkit.MaterialTest
Tests run: 10, Failures: 0, Errors: 0, Skipped: 0, Time elapsed: 0.033 sec
Running org.bukkit.metadata.FixedMetadataValueTest
Tests run: 3, Failures: 0, Errors: 0, Skipped: 0, Time elapsed: 0.001 sec
Running org.bukkit.metadata.LazyMetadataValueTest
Tests run: 8, Failures: 0, Errors: 0, Skipped: 0, Time elapsed: 0.007 sec
Running org.bukkit.metadata.MetadataConversionTest
Tests run: 5, Failures: 0, Errors: 0, Skipped: 0, Time elapsed: 0.001 sec
Running org.bukkit.metadata.MetadataStoreTest
Tests run: 9, Failures: 0, Errors: 0, Skipped: 0, Time elapsed: 0.007 sec
Running org.bukkit.metadata.MetadataValueAdapterTest
Tests run: 4, Failures: 0, Errors: 0, Skipped: 0, Time elapsed: 0.001 sec
Running org.bukkit.NoteTest
Tests run: 17, Failures: 0, Errors: 0, Skipped: 0, Time elapsed: 0.01 sec
Running org.bukkit.plugin.messaging.StandardMessengerTest
Tests run: 16, Failures: 0, Errors: 0, Skipped: 0, Time elapsed: 0.009 sec
Running org.bukkit.plugin.PluginManagerTest
Tests run: 11, Failures: 0, Errors: 0, Skipped: 0, Time elapsed: 0.013 sec
Running org.bukkit.plugin.TimedRegisteredListenerTest
Tests run: 1, Failures: 0, Errors: 0, Skipped: 0, Time elapsed: 0.002 sec
Running org.bukkit.TreeSpeciesTest
Tests run: 1, Failures: 0, Errors: 0, Skipped: 0, Time elapsed: 0 sec
Running org.bukkit.util.io.BukkitObjectStreamTest
Tests run: 6, Failures: 0, Errors: 0, Skipped: 3, Time elapsed: 0.08 sec
Running org.bukkit.util.StringUtilStartsWithTest
Tests run: 10, Failures: 0, Errors: 0, Skipped: 0, Time elapsed: 0.002 sec
Running org.bukkit.util.StringUtilTest
Tests run: 8, Failures: 0, Errors: 0, Skipped: 0, Time elapsed: 0.001 sec
Running org.bukkit.WorldTypeTest
Tests run: 1, Failures: 0, Errors: 0, Skipped: 0, Time elapsed: 0.001 sec

Results :

Tests run: 924, Failures: 0, Errors: 0, Skipped: 3

[INFO] 
[INFO] --- maven-jar-plugin:2.4:jar (default-jar) @ bukkit ---
[INFO] Building jar: E:\Bibliotheken\Dokumente\Spigotprogramming\Dreamland\Dreamland-Plugin\Spigot\Bukkit\target\bukkit-1.12.2-R0.1-SNAPSHOT.jar
[INFO] 
[INFO] --- maven-shade-plugin:3.1.0:shade (default) @ bukkit ---
[INFO] Including commons-lang:commons-lang:jar:2.6 in the shaded jar.
[INFO] Including com.googlecode.json-simple:json-simple:jar:1.1.1 in the shaded jar.
[INFO] Including com.google.guava:guava:jar:21.0 in the shaded jar.
[INFO] Including com.google.code.gson:gson:jar:2.8.0 in the shaded jar.
[INFO] Including org.yaml:snakeyaml:jar:1.19 in the shaded jar.
[INFO] Attaching shaded artifact.
[INFO] 
[INFO] --- maven-install-plugin:2.4:install (default-install) @ bukkit ---
[INFO] Installing E:\Bibliotheken\Dokumente\Spigotprogramming\Dreamland\Dreamland-Plugin\Spigot\Bukkit\target\bukkit-1.12.2-R0.1-SNAPSHOT.jar to C:\Users\Steffen Kahl\.m2\repository\org\bukkit\bukkit\1.12.2-R0.1-SNAPSHOT\bukkit-1.12.2-R0.1-SNAPSHOT.jar
[INFO] Installing E:\Bibliotheken\Dokumente\Spigotprogramming\Dreamland\Dreamland-Plugin\Spigot\Bukkit\pom.xml to C:\Users\Steffen Kahl\.m2\repository\org\bukkit\bukkit\1.12.2-R0.1-SNAPSHOT\bukkit-1.12.2-R0.1-SNAPSHOT.pom
[INFO] Installing E:\Bibliotheken\Dokumente\Spigotprogramming\Dreamland\Dreamland-Plugin\Spigot\Bukkit\target\bukkit-1.12.2-R0.1-SNAPSHOT-shaded.jar to C:\Users\Steffen Kahl\.m2\repository\org\bukkit\bukkit\1.12.2-R0.1-SNAPSHOT\bukkit-1.12.2-R0.1-SNAPSHOT-shaded.jar
[INFO] ------------------------------------------------------------------------
[INFO] BUILD SUCCESS
[INFO] ------------------------------------------------------------------------
[INFO] Total time: 9.353 s
[INFO] Finished at: 2018-05-01T00:15:04+02:00
[INFO] Final Memory: 26M/276M
[INFO] ------------------------------------------------------------------------
Compiling CraftBukkit
[INFO] Scanning for projects...
[INFO] 
[INFO] ------------------------------------------------------------------------
[INFO] Building CraftBukkit 1.12.2-R0.1-SNAPSHOT
[INFO] ------------------------------------------------------------------------
Downloading: https://hub.spigotmc.org/nexus/content/groups/public/io/netty/netty-all/4.1.24.Final/netty-all-4.1.24.Final.pom
Progress (1): 850 B
Progress (1): 1.4 kB
Progress (1): 2.6 kB
Progress (1): 6.7 kB
Progress (1): 7.0 kB
Progress (1): 9.5 kB
Progress (1): 12 kB 
Progress (1): 14 kB
Progress (1): 17 kB
Progress (1): 20 kB
Progress (1): 23 kB
Progress (1): 26 kB
                   
Downloaded: https://hub.spigotmc.org/nexus/content/groups/public/io/netty/netty-all/4.1.24.Final/netty-all-4.1.24.Final.pom (26 kB at 34 kB/s)
Downloading: https://hub.spigotmc.org/nexus/content/groups/public/io/netty/netty-parent/4.1.24.Final/netty-parent-4.1.24.Final.pom
Progress (1): 850 B
Progress (1): 1.8 kB
Progress (1): 2.6 kB
Progress (1): 4.3 kB
Progress (1): 6.0 kB
Progress (1): 7.1 kB
Progress (1): 9.3 kB
Progress (1): 12 kB 
Progress (1): 14 kB
Progress (1): 18 kB
Progress (1): 18 kB
Progress (1): 21 kB
Progress (1): 23 kB
Progress (1): 25 kB
Progress (1): 28 kB
Progress (1): 31 kB
Progress (1): 32 kB
Progress (1): 34 kB
Progress (1): 36 kB
Progress (1): 38 kB
Progress (1): 41 kB
Progress (1): 43 kB
Progress (1): 47 kB
Progress (1): 49 kB
Progress (1): 52 kB
                   
Downloaded: https://hub.spigotmc.org/nexus/content/groups/public/io/netty/netty-parent/4.1.24.Final/netty-parent-4.1.24.Final.pom (52 kB at 128 kB/s)
Downloading: https://hub.spigotmc.org/nexus/content/groups/public/io/netty/netty-all/4.1.24.Final/netty-all-4.1.24.Final.jar
Progress (1): 0/3.8 MB
Progress (1): 0/3.8 MB
Progress (1): 0/3.8 MB
Progress (1): 0/3.8 MB
Progress (1): 0/3.8 MB
Progress (1): 0/3.8 MB
Progress (1): 0/3.8 MB
Progress (1): 0/3.8 MB
Progress (1): 0/3.8 MB
Progress (1): 0/3.8 MB
Progress (1): 0/3.8 MB
Progress (1): 0/3.8 MB
Progress (1): 0/3.8 MB
Progress (1): 0/3.8 MB
Progress (1): 0/3.8 MB
Progress (1): 0/3.8 MB
Progress (1): 0/3.8 MB
Progress (1): 0/3.8 MB
Progress (1): 0/3.8 MB
Progress (1): 0/3.8 MB
Progress (1): 0/3.8 MB
Progress (1): 0/3.8 MB
Progress (1): 0/3.8 MB
Progress (1): 0/3.8 MB
Progress (1): 0/3.8 MB
Progress (1): 0/3.8 MB
Progress (1): 0/3.8 MB
Progress (1): 0/3.8 MB
Progress (1): 0/3.8 MB
Progress (1): 0/3.8 MB
Progress (1): 0.1/3.8 MB
Progress (1): 0.1/3.8 MB
Progress (1): 0.1/3.8 MB
Progress (1): 0.1/3.8 MB
Progress (1): 0.1/3.8 MB
Progress (1): 0.1/3.8 MB
Progress (1): 0.1/3.8 MB
Progress (1): 0.1/3.8 MB
Progress (1): 0.1/3.8 MB
Progress (1): 0.1/3.8 MB
Progress (1): 0.1/3.8 MB
Progress (1): 0.1/3.8 MB
Progress (1): 0.1/3.8 MB
Progress (1): 0.1/3.8 MB
Progress (1): 0.1/3.8 MB
Progress (1): 0.1/3.8 MB
Progress (1): 0.1/3.8 MB
Progress (1): 0.1/3.8 MB
Progress (1): 0.1/3.8 MB
Progress (1): 0.1/3.8 MB
Progress (1): 0.1/3.8 MB
Progress (1): 0.1/3.8 MB
Progress (1): 0.1/3.8 MB
Progress (1): 0.1/3.8 MB
Progress (1): 0.1/3.8 MB
Progress (1): 0.1/3.8 MB
Progress (1): 0.1/3.8 MB
Progress (1): 0.1/3.8 MB
Progress (1): 0.1/3.8 MB
Progress (1): 0.1/3.8 MB
Progress (1): 0.1/3.8 MB
Progress (1): 0.1/3.8 MB
Progress (1): 0.1/3.8 MB
Progress (1): 0.1/3.8 MB
Progress (1): 0.1/3.8 MB
Progress (1): 0.1/3.8 MB
Progress (1): 0.1/3.8 MB
Progress (1): 0.1/3.8 MB
Progress (1): 0.1/3.8 MB
Progress (1): 0.1/3.8 MB
Progress (1): 0.1/3.8 MB
Progress (1): 0.1/3.8 MB
Progress (1): 0.1/3.8 MB
Progress (1): 0.1/3.8 MB
Progress (1): 0.1/3.8 MB
Progress (1): 0.2/3.8 MB
Progress (1): 0.2/3.8 MB
Progress (1): 0.2/3.8 MB
Progress (1): 0.2/3.8 MB
Progress (1): 0.2/3.8 MB
Progress (1): 0.2/3.8 MB
Progress (1): 0.2/3.8 MB
Progress (1): 0.2/3.8 MB
Progress (1): 0.2/3.8 MB
Progress (1): 0.2/3.8 MB
Progress (1): 0.2/3.8 MB
Progress (1): 0.2/3.8 MB
Progress (1): 0.2/3.8 MB
Progress (1): 0.2/3.8 MB
Progress (1): 0.2/3.8 MB
Progress (1): 0.2/3.8 MB
Progress (1): 0.2/3.8 MB
Progress (1): 0.2/3.8 MB
Progress (1): 0.2/3.8 MB
Progress (1): 0.2/3.8 MB
Progress (1): 0.2/3.8 MB
Progress (1): 0.2/3.8 MB
Progress (1): 0.2/3.8 MB
Progress (1): 0.2/3.8 MB
Progress (1): 0.2/3.8 MB
Progress (1): 0.2/3.8 MB
Progress (1): 0.2/3.8 MB
Progress (1): 0.2/3.8 MB
Progress (1): 0.2/3.8 MB
Progress (1): 0.2/3.8 MB
Progress (1): 0.2/3.8 MB
Progress (1): 0.2/3.8 MB
Progress (1): 0.2/3.8 MB
Progress (1): 0.3/3.8 MB
Progress (1): 0.3/3.8 MB
Progress (1): 0.3/3.8 MB
Progress (1): 0.3/3.8 MB
Progress (1): 0.3/3.8 MB
Progress (1): 0.3/3.8 MB
Progress (1): 0.3/3.8 MB
Progress (1): 0.3/3.8 MB
Progress (1): 0.3/3.8 MB
Progress (1): 0.3/3.8 MB
Progress (1): 0.3/3.8 MB
Progress (1): 0.3/3.8 MB
Progress (1): 0.3/3.8 MB
Progress (1): 0.3/3.8 MB
Progress (1): 0.3/3.8 MB
Progress (1): 0.3/3.8 MB
Progress (1): 0.3/3.8 MB
Progress (1): 0.3/3.8 MB
Progress (1): 0.3/3.8 MB
Progress (1): 0.3/3.8 MB
Progress (1): 0.3/3.8 MB
Progress (1): 0.3/3.8 MB
Progress (1): 0.3/3.8 MB
Progress (1): 0.3/3.8 MB
Progress (1): 0.3/3.8 MB
Progress (1): 0.4/3.8 MB
Progress (1): 0.4/3.8 MB
Progress (1): 0.4/3.8 MB
Progress (1): 0.4/3.8 MB
Progress (1): 0.4/3.8 MB
Progress (1): 0.4/3.8 MB
Progress (1): 0.4/3.8 MB
Progress (1): 0.4/3.8 MB
Progress (1): 0.4/3.8 MB
Progress (1): 0.4/3.8 MB
Progress (1): 0.4/3.8 MB
Progress (1): 0.4/3.8 MB
Progress (1): 0.4/3.8 MB
Progress (1): 0.4/3.8 MB
Progress (1): 0.4/3.8 MB
Progress (1): 0.4/3.8 MB
Progress (1): 0.4/3.8 MB
Progress (1): 0.4/3.8 MB
Progress (1): 0.4/3.8 MB
Progress (1): 0.4/3.8 MB
Progress (1): 0.4/3.8 MB
Progress (1): 0.4/3.8 MB
Progress (1): 0.4/3.8 MB
Progress (1): 0.4/3.8 MB
Progress (1): 0.4/3.8 MB
Progress (1): 0.4/3.8 MB
Progress (1): 0.5/3.8 MB
Progress (1): 0.5/3.8 MB
Progress (1): 0.5/3.8 MB
Progress (1): 0.5/3.8 MB
Progress (1): 0.5/3.8 MB
Progress (1): 0.5/3.8 MB
Progress (1): 0.5/3.8 MB
Progress (1): 0.5/3.8 MB
Progress (1): 0.5/3.8 MB
Progress (1): 0.5/3.8 MB
Progress (1): 0.5/3.8 MB
Progress (1): 0.5/3.8 MB
Progress (1): 0.5/3.8 MB
Progress (1): 0.5/3.8 MB
Progress (1): 0.5/3.8 MB
Progress (1): 0.5/3.8 MB
Progress (1): 0.5/3.8 MB
Progress (1): 0.5/3.8 MB
Progress (1): 0.5/3.8 MB
Progress (1): 0.5/3.8 MB
Progress (1): 0.5/3.8 MB
Progress (1): 0.5/3.8 MB
Progress (1): 0.5/3.8 MB
Progress (1): 0.5/3.8 MB
Progress (1): 0.6/3.8 MB
Progress (1): 0.6/3.8 MB
Progress (1): 0.6/3.8 MB
Progress (1): 0.6/3.8 MB
Progress (1): 0.6/3.8 MB
Progress (1): 0.6/3.8 MB
Progress (1): 0.6/3.8 MB
Progress (1): 0.6/3.8 MB
Progress (1): 0.6/3.8 MB
Progress (1): 0.6/3.8 MB
Progress (1): 0.6/3.8 MB
Progress (1): 0.6/3.8 MB
Progress (1): 0.6/3.8 MB
Progress (1): 0.6/3.8 MB
Progress (1): 0.6/3.8 MB
Progress (1): 0.6/3.8 MB
Progress (1): 0.6/3.8 MB
Progress (1): 0.6/3.8 MB
Progress (1): 0.6/3.8 MB
Progress (1): 0.6/3.8 MB
Progress (1): 0.6/3.8 MB
Progress (1): 0.6/3.8 MB
Progress (1): 0.6/3.8 MB
Progress (1): 0.6/3.8 MB
Progress (1): 0.6/3.8 MB
Progress (1): 0.7/3.8 MB
Progress (1): 0.7/3.8 MB
Progress (1): 0.7/3.8 MB
Progress (1): 0.7/3.8 MB
Progress (1): 0.7/3.8 MB
Progress (1): 0.7/3.8 MB
Progress (1): 0.7/3.8 MB
Progress (1): 0.7/3.8 MB
Progress (1): 0.7/3.8 MB
Progress (1): 0.7/3.8 MB
Progress (1): 0.7/3.8 MB
Progress (1): 0.7/3.8 MB
Progress (1): 0.7/3.8 MB
Progress (1): 0.7/3.8 MB
Progress (1): 0.7/3.8 MB
Progress (1): 0.7/3.8 MB
Progress (1): 0.7/3.8 MB
Progress (1): 0.7/3.8 MB
Progress (1): 0.7/3.8 MB
Progress (1): 0.7/3.8 MB
Progress (1): 0.7/3.8 MB
Progress (1): 0.7/3.8 MB
Progress (1): 0.7/3.8 MB
Progress (1): 0.7/3.8 MB
Progress (1): 0.8/3.8 MB
Progress (1): 0.8/3.8 MB
Progress (1): 0.8/3.8 MB
Progress (1): 0.8/3.8 MB
Progress (1): 0.8/3.8 MB
Progress (1): 0.8/3.8 MB
Progress (1): 0.8/3.8 MB
Progress (1): 0.8/3.8 MB
Progress (1): 0.8/3.8 MB
Progress (1): 0.8/3.8 MB
Progress (1): 0.8/3.8 MB
Progress (1): 0.8/3.8 MB
Progress (1): 0.8/3.8 MB
Progress (1): 0.8/3.8 MB
Progress (1): 0.8/3.8 MB
Progress (1): 0.8/3.8 MB
Progress (1): 0.8/3.8 MB
Progress (1): 0.8/3.8 MB
Progress (1): 0.8/3.8 MB
Progress (1): 0.8/3.8 MB
Progress (1): 0.8/3.8 MB
Progress (1): 0.8/3.8 MB
Progress (1): 0.8/3.8 MB
Progress (1): 0.8/3.8 MB
Progress (1): 0.8/3.8 MB
Progress (1): 0.8/3.8 MB
Progress (1): 0.9/3.8 MB
Progress (1): 0.9/3.8 MB
Progress (1): 0.9/3.8 MB
Progress (1): 0.9/3.8 MB
Progress (1): 0.9/3.8 MB
Progress (1): 0.9/3.8 MB
Progress (1): 0.9/3.8 MB
Progress (1): 0.9/3.8 MB
Progress (1): 0.9/3.8 MB
Progress (1): 0.9/3.8 MB
Progress (1): 0.9/3.8 MB
Progress (1): 0.9/3.8 MB
Progress (1): 0.9/3.8 MB
Progress (1): 0.9/3.8 MB
Progress (1): 0.9/3.8 MB
Progress (1): 0.9/3.8 MB
Progress (1): 0.9/3.8 MB
Progress (1): 0.9/3.8 MB
Progress (1): 0.9/3.8 MB
Progress (1): 0.9/3.8 MB
Progress (1): 0.9/3.8 MB
Progress (1): 0.9/3.8 MB
Progress (1): 0.9/3.8 MB
Progress (1): 0.9/3.8 MB
Progress (1): 1.0/3.8 MB
Progress (1): 1.0/3.8 MB
Progress (1): 1.0/3.8 MB
Progress (1): 1.0/3.8 MB
Progress (1): 1.0/3.8 MB
Progress (1): 1.0/3.8 MB
Progress (1): 1.0/3.8 MB
Progress (1): 1.0/3.8 MB
Progress (1): 1.0/3.8 MB
Progress (1): 1.0/3.8 MB
Progress (1): 1.0/3.8 MB
Progress (1): 1.0/3.8 MB
Progress (1): 1.0/3.8 MB
Progress (1): 1.0/3.8 MB
Progress (1): 1.0/3.8 MB
Progress (1): 1.0/3.8 MB
Progress (1): 1.0/3.8 MB
Progress (1): 1.0/3.8 MB
Progress (1): 1.0/3.8 MB
Progress (1): 1.0/3.8 MB
Progress (1): 1.0/3.8 MB
Progress (1): 1.0/3.8 MB
Progress (1): 1.0/3.8 MB
Progress (1): 1.0/3.8 MB
Progress (1): 1.1/3.8 MB
Progress (1): 1.1/3.8 MB
Progress (1): 1.1/3.8 MB
Progress (1): 1.1/3.8 MB
Progress (1): 1.1/3.8 MB
Progress (1): 1.1/3.8 MB
Progress (1): 1.1/3.8 MB
Progress (1): 1.1/3.8 MB
Progress (1): 1.1/3.8 MB
Progress (1): 1.1/3.8 MB
Progress (1): 1.1/3.8 MB
Progress (1): 1.1/3.8 MB
Progress (1): 1.1/3.8 MB
Progress (1): 1.1/3.8 MB
Progress (1): 1.1/3.8 MB
Progress (1): 1.1/3.8 MB
Progress (1): 1.1/3.8 MB
Progress (1): 1.1/3.8 MB
Progress (1): 1.1/3.8 MB
Progress (1): 1.1/3.8 MB
Progress (1): 1.1/3.8 MB
Progress (1): 1.1/3.8 MB
Progress (1): 1.1/3.8 MB
Progress (1): 1.1/3.8 MB
Progress (1): 1.1/3.8 MB
Progress (1): 1.2/3.8 MB
Progress (1): 1.2/3.8 MB
Progress (1): 1.2/3.8 MB
Progress (1): 1.2/3.8 MB
Progress (1): 1.2/3.8 MB
Progress (1): 1.2/3.8 MB
Progress (1): 1.2/3.8 MB
Progress (1): 1.2/3.8 MB
Progress (1): 1.2/3.8 MB
Progress (1): 1.2/3.8 MB
Progress (1): 1.2/3.8 MB
Progress (1): 1.2/3.8 MB
Progress (1): 1.2/3.8 MB
Progress (1): 1.2/3.8 MB
Progress (1): 1.2/3.8 MB
Progress (1): 1.2/3.8 MB
Progress (1): 1.2/3.8 MB
Progress (1): 1.2/3.8 MB
Progress (1): 1.2/3.8 MB
Progress (1): 1.2/3.8 MB
Progress (1): 1.2/3.8 MB
Progress (1): 1.2/3.8 MB
Progress (1): 1.2/3.8 MB
Progress (1): 1.2/3.8 MB
Progress (1): 1.2/3.8 MB
Progress (1): 1.2/3.8 MB
Progress (1): 1.3/3.8 MB
Progress (1): 1.3/3.8 MB
Progress (1): 1.3/3.8 MB
Progress (1): 1.3/3.8 MB
Progress (1): 1.3/3.8 MB
Progress (1): 1.3/3.8 MB
Progress (1): 1.3/3.8 MB
Progress (1): 1.3/3.8 MB
Progress (1): 1.3/3.8 MB
Progress (1): 1.3/3.8 MB
Progress (1): 1.3/3.8 MB
Progress (1): 1.3/3.8 MB
Progress (1): 1.3/3.8 MB
Progress (1): 1.3/3.8 MB
Progress (1): 1.3/3.8 MB
Progress (1): 1.3/3.8 MB
Progress (1): 1.3/3.8 MB
Progress (1): 1.3/3.8 MB
Progress (1): 1.3/3.8 MB
Progress (1): 1.3/3.8 MB
Progress (1): 1.3/3.8 MB
Progress (1): 1.3/3.8 MB
Progress (1): 1.3/3.8 MB
Progress (1): 1.3/3.8 MB
Progress (1): 1.4/3.8 MB
Progress (1): 1.4/3.8 MB
Progress (1): 1.4/3.8 MB
Progress (1): 1.4/3.8 MB
Progress (1): 1.4/3.8 MB
Progress (1): 1.4/3.8 MB
Progress (1): 1.4/3.8 MB
Progress (1): 1.4/3.8 MB
Progress (1): 1.4/3.8 MB
Progress (1): 1.4/3.8 MB
Progress (1): 1.4/3.8 MB
Progress (1): 1.4/3.8 MB
Progress (1): 1.4/3.8 MB
Progress (1): 1.4/3.8 MB
Progress (1): 1.4/3.8 MB
Progress (1): 1.4/3.8 MB
Progress (1): 1.4/3.8 MB
Progress (1): 1.4/3.8 MB
Progress (1): 1.4/3.8 MB
Progress (1): 1.4/3.8 MB
Progress (1): 1.4/3.8 MB
Progress (1): 1.4/3.8 MB
Progress (1): 1.4/3.8 MB
Progress (1): 1.4/3.8 MB
Progress (1): 1.4/3.8 MB
Progress (1): 1.5/3.8 MB
Progress (1): 1.5/3.8 MB
Progress (1): 1.5/3.8 MB
Progress (1): 1.5/3.8 MB
Progress (1): 1.5/3.8 MB
Progress (1): 1.5/3.8 MB
Progress (1): 1.5/3.8 MB
Progress (1): 1.5/3.8 MB
Progress (1): 1.5/3.8 MB
Progress (1): 1.5/3.8 MB
Progress (1): 1.5/3.8 MB
Progress (1): 1.5/3.8 MB
Progress (1): 1.5/3.8 MB
Progress (1): 1.5/3.8 MB
Progress (1): 1.5/3.8 MB
Progress (1): 1.5/3.8 MB
Progress (1): 1.5/3.8 MB
Progress (1): 1.5/3.8 MB
Progress (1): 1.5/3.8 MB
Progress (1): 1.5/3.8 MB
Progress (1): 1.5/3.8 MB
Progress (1): 1.5/3.8 MB
Progress (1): 1.5/3.8 MB
Progress (1): 1.5/3.8 MB
Progress (1): 1.6/3.8 MB
Progress (1): 1.6/3.8 MB
Progress (1): 1.6/3.8 MB
Progress (1): 1.6/3.8 MB
Progress (1): 1.6/3.8 MB
Progress (1): 1.6/3.8 MB
Progress (1): 1.6/3.8 MB
Progress (1): 1.6/3.8 MB
Progress (1): 1.6/3.8 MB
Progress (1): 1.6/3.8 MB
Progress (1): 1.6/3.8 MB
Progress (1): 1.6/3.8 MB
Progress (1): 1.6/3.8 MB
Progress (1): 1.6/3.8 MB
Progress (1): 1.6/3.8 MB
Progress (1): 1.6/3.8 MB
Progress (1): 1.6/3.8 MB
Progress (1): 1.6/3.8 MB
Progress (1): 1.6/3.8 MB
Progress (1): 1.6/3.8 MB
Progress (1): 1.6/3.8 MB
Progress (1): 1.6/3.8 MB
Progress (1): 1.6/3.8 MB
Progress (1): 1.6/3.8 MB
Progress (1): 1.6/3.8 MB
Progress (1): 1.7/3.8 MB
Progress (1): 1.7/3.8 MB
Progress (1): 1.7/3.8 MB
Progress (1): 1.7/3.8 MB
Progress (1): 1.7/3.8 MB
Progress (1): 1.7/3.8 MB
Progress (1): 1.7/3.8 MB
Progress (1): 1.7/3.8 MB
Progress (1): 1.7/3.8 MB
Progress (1): 1.7/3.8 MB
Progress (1): 1.7/3.8 MB
Progress (1): 1.7/3.8 MB
Progress (1): 1.7/3.8 MB
Progress (1): 1.7/3.8 MB
Progress (1): 1.7/3.8 MB
Progress (1): 1.7/3.8 MB
Progress (1): 1.7/3.8 MB
Progress (1): 1.7/3.8 MB
Progress (1): 1.7/3.8 MB
Progress (1): 1.7/3.8 MB
Progress (1): 1.7/3.8 MB
Progress (1): 1.7/3.8 MB
Progress (1): 1.7/3.8 MB
Progress (1): 1.7/3.8 MB
Progress (1): 1.7/3.8 MB
Progress (1): 1.8/3.8 MB
Progress (1): 1.8/3.8 MB
Progress (1): 1.8/3.8 MB
Progress (1): 1.8/3.8 MB
Progress (1): 1.8/3.8 MB
Progress (1): 1.8/3.8 MB
Progress (1): 1.8/3.8 MB
Progress (1): 1.8/3.8 MB
Progress (1): 1.8/3.8 MB
Progress (1): 1.8/3.8 MB
Progress (1): 1.8/3.8 MB
Progress (1): 1.8/3.8 MB
Progress (1): 1.8/3.8 MB
Progress (1): 1.8/3.8 MB
Progress (1): 1.8/3.8 MB
Progress (1): 1.8/3.8 MB
Progress (1): 1.8/3.8 MB
Progress (1): 1.8/3.8 MB
Progress (1): 1.8/3.8 MB
Progress (1): 1.8/3.8 MB
Progress (1): 1.8/3.8 MB
Progress (1): 1.8/3.8 MB
Progress (1): 1.8/3.8 MB
Progress (1): 1.8/3.8 MB
Progress (1): 1.8/3.8 MB
Progress (1): 1.9/3.8 MB
Progress (1): 1.9/3.8 MB
Progress (1): 1.9/3.8 MB
Progress (1): 1.9/3.8 MB
Progress (1): 1.9/3.8 MB
Progress (1): 1.9/3.8 MB
Progress (1): 1.9/3.8 MB
Progress (1): 1.9/3.8 MB
Progress (1): 1.9/3.8 MB
Progress (1): 1.9/3.8 MB
Progress (1): 1.9/3.8 MB
Progress (1): 1.9/3.8 MB
Progress (1): 1.9/3.8 MB
Progress (1): 1.9/3.8 MB
Progress (1): 1.9/3.8 MB
Progress (1): 1.9/3.8 MB
Progress (1): 1.9/3.8 MB
Progress (1): 1.9/3.8 MB
Progress (1): 1.9/3.8 MB
Progress (1): 1.9/3.8 MB
Progress (1): 1.9/3.8 MB
Progress (1): 1.9/3.8 MB
Progress (1): 1.9/3.8 MB
Progress (1): 1.9/3.8 MB
Progress (1): 2.0/3.8 MB
Progress (1): 2.0/3.8 MB
Progress (1): 2.0/3.8 MB
Progress (1): 2.0/3.8 MB
Progress (1): 2.0/3.8 MB
Progress (1): 2.0/3.8 MB
Progress (1): 2.0/3.8 MB
Progress (1): 2.0/3.8 MB
Progress (1): 2.0/3.8 MB
Progress (1): 2.0/3.8 MB
Progress (1): 2.0/3.8 MB
Progress (1): 2.0/3.8 MB
Progress (1): 2.0/3.8 MB
Progress (1): 2.0/3.8 MB
Progress (1): 2.0/3.8 MB
Progress (1): 2.0/3.8 MB
Progress (1): 2.0/3.8 MB
Progress (1): 2.0/3.8 MB
Progress (1): 2.0/3.8 MB
Progress (1): 2.0/3.8 MB
Progress (1): 2.0/3.8 MB
Progress (1): 2.0/3.8 MB
Progress (1): 2.0/3.8 MB
Progress (1): 2.0/3.8 MB
Progress (1): 2.1/3.8 MB
Progress (1): 2.1/3.8 MB
Progress (1): 2.1/3.8 MB
Progress (1): 2.1/3.8 MB
Progress (1): 2.1/3.8 MB
Progress (1): 2.1/3.8 MB
Progress (1): 2.1/3.8 MB
Progress (1): 2.1/3.8 MB
Progress (1): 2.1/3.8 MB
Progress (1): 2.1/3.8 MB
Progress (1): 2.1/3.8 MB
Progress (1): 2.1/3.8 MB
Progress (1): 2.1/3.8 MB
Progress (1): 2.1/3.8 MB
Progress (1): 2.1/3.8 MB
Progress (1): 2.1/3.8 MB
Progress (1): 2.1/3.8 MB
Progress (1): 2.1/3.8 MB
Progress (1): 2.1/3.8 MB
Progress (1): 2.1/3.8 MB
Progress (1): 2.1/3.8 MB
Progress (1): 2.1/3.8 MB
Progress (1): 2.1/3.8 MB
Progress (1): 2.1/3.8 MB
Progress (1): 2.1/3.8 MB
Progress (1): 2.1/3.8 MB
Progress (1): 2.1/3.8 MB
Progress (1): 2.1/3.8 MB
Progress (1): 2.2/3.8 MB
Progress (1): 2.2/3.8 MB
Progress (1): 2.2/3.8 MB
Progress (1): 2.2/3.8 MB
Progress (1): 2.2/3.8 MB
Progress (1): 2.2/3.8 MB
Progress (1): 2.2/3.8 MB
Progress (1): 2.2/3.8 MB
Progress (1): 2.2/3.8 MB
Progress (1): 2.2/3.8 MB
Progress (1): 2.2/3.8 MB
Progress (1): 2.2/3.8 MB
Progress (1): 2.2/3.8 MB
Progress (1): 2.2/3.8 MB
Progress (1): 2.2/3.8 MB
Progress (1): 2.2/3.8 MB
Progress (1): 2.2/3.8 MB
Progress (1): 2.2/3.8 MB
Progress (1): 2.2/3.8 MB
Progress (1): 2.2/3.8 MB
Progress (1): 2.2/3.8 MB
Progress (1): 2.2/3.8 MB
Progress (1): 2.2/3.8 MB
Progress (1): 2.2/3.8 MB
Progress (1): 2.2/3.8 MB
Progress (1): 2.2/3.8 MB
Progress (1): 2.2/3.8 MB
Progress (1): 2.2/3.8 MB
Progress (1): 2.3/3.8 MB
Progress (1): 2.3/3.8 MB
Progress (1): 2.3/3.8 MB
Progress (1): 2.3/3.8 MB
Progress (1): 2.3/3.8 MB
Progress (1): 2.3/3.8 MB
Progress (1): 2.3/3.8 MB
Progress (1): 2.3/3.8 MB
Progress (1): 2.3/3.8 MB
Progress (1): 2.3/3.8 MB
Progress (1): 2.3/3.8 MB
Progress (1): 2.3/3.8 MB
Progress (1): 2.3/3.8 MB
Progress (1): 2.3/3.8 MB
Progress (1): 2.3/3.8 MB
Progress (1): 2.3/3.8 MB
Progress (1): 2.3/3.8 MB
Progress (1): 2.3/3.8 MB
Progress (1): 2.3/3.8 MB
Progress (1): 2.3/3.8 MB
Progress (1): 2.3/3.8 MB
Progress (1): 2.3/3.8 MB
Progress (1): 2.3/3.8 MB
Progress (1): 2.3/3.8 MB
Progress (1): 2.3/3.8 MB
Progress (1): 2.3/3.8 MB
Progress (1): 2.3/3.8 MB
Progress (1): 2.4/3.8 MB
Progress (1): 2.4/3.8 MB
Progress (1): 2.4/3.8 MB
Progress (1): 2.4/3.8 MB
Progress (1): 2.4/3.8 MB
Progress (1): 2.4/3.8 MB
Progress (1): 2.4/3.8 MB
Progress (1): 2.4/3.8 MB
Progress (1): 2.4/3.8 MB
Progress (1): 2.4/3.8 MB
Progress (1): 2.4/3.8 MB
Progress (1): 2.4/3.8 MB
Progress (1): 2.4/3.8 MB
Progress (1): 2.4/3.8 MB
Progress (1): 2.4/3.8 MB
Progress (1): 2.4/3.8 MB
Progress (1): 2.4/3.8 MB
Progress (1): 2.4/3.8 MB
Progress (1): 2.4/3.8 MB
Progress (1): 2.4/3.8 MB
Progress (1): 2.4/3.8 MB
Progress (1): 2.4/3.8 MB
Progress (1): 2.4/3.8 MB
Progress (1): 2.4/3.8 MB
Progress (1): 2.5/3.8 MB
Progress (1): 2.5/3.8 MB
Progress (1): 2.5/3.8 MB
Progress (1): 2.5/3.8 MB
Progress (1): 2.5/3.8 MB
Progress (1): 2.5/3.8 MB
Progress (1): 2.5/3.8 MB
Progress (1): 2.5/3.8 MB
Progress (1): 2.5/3.8 MB
Progress (1): 2.5/3.8 MB
Progress (1): 2.5/3.8 MB
Progress (1): 2.5/3.8 MB
Progress (1): 2.5/3.8 MB
Progress (1): 2.5/3.8 MB
Progress (1): 2.5/3.8 MB
Progress (1): 2.5/3.8 MB
Progress (1): 2.5/3.8 MB
Progress (1): 2.5/3.8 MB
Progress (1): 2.5/3.8 MB
Progress (1): 2.5/3.8 MB
Progress (1): 2.5/3.8 MB
Progress (1): 2.5/3.8 MB
Progress (1): 2.5/3.8 MB
Progress (1): 2.5/3.8 MB
Progress (1): 2.5/3.8 MB
Progress (1): 2.5/3.8 MB
Progress (1): 2.6/3.8 MB
Progress (1): 2.6/3.8 MB
Progress (1): 2.6/3.8 MB
Progress (1): 2.6/3.8 MB
Progress (1): 2.6/3.8 MB
Progress (1): 2.6/3.8 MB
Progress (1): 2.6/3.8 MB
Progress (1): 2.6/3.8 MB
Progress (1): 2.6/3.8 MB
Progress (1): 2.6/3.8 MB
Progress (1): 2.6/3.8 MB
Progress (1): 2.6/3.8 MB
Progress (1): 2.6/3.8 MB
Progress (1): 2.6/3.8 MB
Progress (1): 2.6/3.8 MB
Progress (1): 2.6/3.8 MB
Progress (1): 2.6/3.8 MB
Progress (1): 2.6/3.8 MB
Progress (1): 2.6/3.8 MB
Progress (1): 2.6/3.8 MB
Progress (1): 2.6/3.8 MB
Progress (1): 2.6/3.8 MB
Progress (1): 2.6/3.8 MB
Progress (1): 2.6/3.8 MB
Progress (1): 2.6/3.8 MB
Progress (1): 2.6/3.8 MB
Progress (1): 2.7/3.8 MB
Progress (1): 2.7/3.8 MB
Progress (1): 2.7/3.8 MB
Progress (1): 2.7/3.8 MB
Progress (1): 2.7/3.8 MB
Progress (1): 2.7/3.8 MB
Progress (1): 2.7/3.8 MB
Progress (1): 2.7/3.8 MB
Progress (1): 2.7/3.8 MB
Progress (1): 2.7/3.8 MB
Progress (1): 2.7/3.8 MB
Progress (1): 2.7/3.8 MB
Progress (1): 2.7/3.8 MB
Progress (1): 2.7/3.8 MB
Progress (1): 2.7/3.8 MB
Progress (1): 2.7/3.8 MB
Progress (1): 2.7/3.8 MB
Progress (1): 2.7/3.8 MB
Progress (1): 2.7/3.8 MB
Progress (1): 2.7/3.8 MB
Progress (1): 2.7/3.8 MB
Progress (1): 2.7/3.8 MB
Progress (1): 2.7/3.8 MB
Progress (1): 2.7/3.8 MB
Progress (1): 2.7/3.8 MB
Progress (1): 2.8/3.8 MB
Progress (1): 2.8/3.8 MB
Progress (1): 2.8/3.8 MB
Progress (1): 2.8/3.8 MB
Progress (1): 2.8/3.8 MB
Progress (1): 2.8/3.8 MB
Progress (1): 2.8/3.8 MB
Progress (1): 2.8/3.8 MB
Progress (1): 2.8/3.8 MB
Progress (1): 2.8/3.8 MB
Progress (1): 2.8/3.8 MB
Progress (1): 2.8/3.8 MB
Progress (1): 2.8/3.8 MB
Progress (1): 2.8/3.8 MB
Progress (1): 2.8/3.8 MB
Progress (1): 2.8/3.8 MB
Progress (1): 2.8/3.8 MB
Progress (1): 2.8/3.8 MB
Progress (1): 2.8/3.8 MB
Progress (1): 2.8/3.8 MB
Progress (1): 2.8/3.8 MB
Progress (1): 2.8/3.8 MB
Progress (1): 2.8/3.8 MB
Progress (1): 2.8/3.8 MB
Progress (1): 2.8/3.8 MB
Progress (1): 2.9/3.8 MB
Progress (1): 2.9/3.8 MB
Progress (1): 2.9/3.8 MB
Progress (1): 2.9/3.8 MB
Progress (1): 2.9/3.8 MB
Progress (1): 2.9/3.8 MB
Progress (1): 2.9/3.8 MB
Progress (1): 2.9/3.8 MB
Progress (1): 2.9/3.8 MB
Progress (1): 2.9/3.8 MB
Progress (1): 2.9/3.8 MB
Progress (1): 2.9/3.8 MB
Progress (1): 2.9/3.8 MB
Progress (1): 2.9/3.8 MB
Progress (1): 2.9/3.8 MB
Progress (1): 2.9/3.8 MB
Progress (1): 2.9/3.8 MB
Progress (1): 2.9/3.8 MB
Progress (1): 2.9/3.8 MB
Progress (1): 2.9/3.8 MB
Progress (1): 2.9/3.8 MB
Progress (1): 2.9/3.8 MB
Progress (1): 2.9/3.8 MB
Progress (1): 2.9/3.8 MB
Progress (1): 3.0/3.8 MB
Progress (1): 3.0/3.8 MB
Progress (1): 3.0/3.8 MB
Progress (1): 3.0/3.8 MB
Progress (1): 3.0/3.8 MB
Progress (1): 3.0/3.8 MB
Progress (1): 3.0/3.8 MB
Progress (1): 3.0/3.8 MB
Progress (1): 3.0/3.8 MB
Progress (1): 3.0/3.8 MB
Progress (1): 3.0/3.8 MB
Progress (1): 3.0/3.8 MB
Progress (1): 3.0/3.8 MB
Progress (1): 3.0/3.8 MB
Progress (1): 3.0/3.8 MB
Progress (1): 3.0/3.8 MB
Progress (1): 3.0/3.8 MB
Progress (1): 3.0/3.8 MB
Progress (1): 3.0/3.8 MB
Progress (1): 3.0/3.8 MB
Progress (1): 3.0/3.8 MB
Progress (1): 3.0/3.8 MB
Progress (1): 3.0/3.8 MB
Progress (1): 3.0/3.8 MB
Progress (1): 3.0/3.8 MB
Progress (1): 3.1/3.8 MB
Progress (1): 3.1/3.8 MB
Progress (1): 3.1/3.8 MB
Progress (1): 3.1/3.8 MB
Progress (1): 3.1/3.8 MB
Progress (1): 3.1/3.8 MB
Progress (1): 3.1/3.8 MB
Progress (1): 3.1/3.8 MB
Progress (1): 3.1/3.8 MB
Progress (1): 3.1/3.8 MB
Progress (1): 3.1/3.8 MB
Progress (1): 3.1/3.8 MB
Progress (1): 3.1/3.8 MB
Progress (1): 3.1/3.8 MB
Progress (1): 3.1/3.8 MB
Progress (1): 3.1/3.8 MB
Progress (1): 3.1/3.8 MB
Progress (1): 3.1/3.8 MB
Progress (1): 3.1/3.8 MB
Progress (1): 3.1/3.8 MB
Progress (1): 3.1/3.8 MB
Progress (1): 3.1/3.8 MB
Progress (1): 3.1/3.8 MB
Progress (1): 3.1/3.8 MB
Progress (1): 3.1/3.8 MB
Progress (1): 3.1/3.8 MB
Progress (1): 3.1/3.8 MB
Progress (1): 3.1/3.8 MB
Progress (1): 3.1/3.8 MB
Progress (1): 3.1/3.8 MB
Progress (1): 3.1/3.8 MB
Progress (1): 3.2/3.8 MB
Progress (1): 3.2/3.8 MB
Progress (1): 3.2/3.8 MB
Progress (1): 3.2/3.8 MB
Progress (1): 3.2/3.8 MB
Progress (1): 3.2/3.8 MB
Progress (1): 3.2/3.8 MB
Progress (1): 3.2/3.8 MB
Progress (1): 3.2/3.8 MB
Progress (1): 3.2/3.8 MB
Progress (1): 3.2/3.8 MB
Progress (1): 3.2/3.8 MB
Progress (1): 3.2/3.8 MB
Progress (1): 3.2/3.8 MB
Progress (1): 3.2/3.8 MB
Progress (1): 3.2/3.8 MB
Progress (1): 3.2/3.8 MB
Progress (1): 3.2/3.8 MB
Progress (1): 3.2/3.8 MB
Progress (1): 3.2/3.8 MB
Progress (1): 3.2/3.8 MB
Progress (1): 3.2/3.8 MB
Progress (1): 3.2/3.8 MB
Progress (1): 3.2/3.8 MB
Progress (1): 3.2/3.8 MB
Progress (1): 3.2/3.8 MB
Progress (1): 3.2/3.8 MB
Progress (1): 3.2/3.8 MB
Progress (1): 3.2/3.8 MB
Progress (1): 3.2/3.8 MB
Progress (1): 3.2/3.8 MB
Progress (1): 3.2/3.8 MB
Progress (1): 3.3/3.8 MB
Progress (1): 3.3/3.8 MB
Progress (1): 3.3/3.8 MB
Progress (1): 3.3/3.8 MB
Progress (1): 3.3/3.8 MB
Progress (1): 3.3/3.8 MB
Progress (1): 3.3/3.8 MB
Progress (1): 3.3/3.8 MB
Progress (1): 3.3/3.8 MB
Progress (1): 3.3/3.8 MB
Progress (1): 3.3/3.8 MB
Progress (1): 3.3/3.8 MB
Progress (1): 3.3/3.8 MB
Progress (1): 3.3/3.8 MB
Progress (1): 3.3/3.8 MB
Progress (1): 3.3/3.8 MB
Progress (1): 3.3/3.8 MB
Progress (1): 3.3/3.8 MB
Progress (1): 3.3/3.8 MB
Progress (1): 3.3/3.8 MB
Progress (1): 3.3/3.8 MB
Progress (1): 3.3/3.8 MB
Progress (1): 3.3/3.8 MB
Progress (1): 3.3/3.8 MB
Progress (1): 3.4/3.8 MB
Progress (1): 3.4/3.8 MB
Progress (1): 3.4/3.8 MB
Progress (1): 3.4/3.8 MB
Progress (1): 3.4/3.8 MB
Progress (1): 3.4/3.8 MB
Progress (1): 3.4/3.8 MB
Progress (1): 3.4/3.8 MB
Progress (1): 3.4/3.8 MB
Progress (1): 3.4/3.8 MB
Progress (1): 3.4/3.8 MB
Progress (1): 3.4/3.8 MB
Progress (1): 3.4/3.8 MB
Progress (1): 3.4/3.8 MB
Progress (1): 3.4/3.8 MB
Progress (1): 3.4/3.8 MB
Progress (1): 3.4/3.8 MB
Progress (1): 3.4/3.8 MB
Progress (1): 3.4/3.8 MB
Progress (1): 3.4/3.8 MB
Progress (1): 3.4/3.8 MB
Progress (1): 3.4/3.8 MB
Progress (1): 3.4/3.8 MB
Progress (1): 3.4/3.8 MB
Progress (1): 3.4/3.8 MB
Progress (1): 3.5/3.8 MB
Progress (1): 3.5/3.8 MB
Progress (1): 3.5/3.8 MB
Progress (1): 3.5/3.8 MB
Progress (1): 3.5/3.8 MB
Progress (1): 3.5/3.8 MB
Progress (1): 3.5/3.8 MB
Progress (1): 3.5/3.8 MB
Progress (1): 3.5/3.8 MB
Progress (1): 3.5/3.8 MB
Progress (1): 3.5/3.8 MB
Progress (1): 3.5/3.8 MB
Progress (1): 3.5/3.8 MB
Progress (1): 3.5/3.8 MB
Progress (1): 3.5/3.8 MB
Progress (1): 3.5/3.8 MB
Progress (1): 3.5/3.8 MB
Progress (1): 3.5/3.8 MB
Progress (1): 3.5/3.8 MB
Progress (1): 3.5/3.8 MB
Progress (1): 3.5/3.8 MB
Progress (1): 3.5/3.8 MB
Progress (1): 3.5/3.8 MB
Progress (1): 3.5/3.8 MB
Progress (1): 3.5/3.8 MB
Progress (1): 3.6/3.8 MB
Progress (1): 3.6/3.8 MB
Progress (1): 3.6/3.8 MB
Progress (1): 3.6/3.8 MB
Progress (1): 3.6/3.8 MB
Progress (1): 3.6/3.8 MB
Progress (1): 3.6/3.8 MB
Progress (1): 3.6/3.8 MB
Progress (1): 3.6/3.8 MB
Progress (1): 3.6/3.8 MB
Progress (1): 3.6/3.8 MB
Progress (1): 3.6/3.8 MB
Progress (1): 3.6/3.8 MB
Progress (1): 3.6/3.8 MB
Progress (1): 3.6/3.8 MB
Progress (1): 3.6/3.8 MB
Progress (1): 3.6/3.8 MB
Progress (1): 3.6/3.8 MB
Progress (1): 3.6/3.8 MB
Progress (1): 3.6/3.8 MB
Progress (1): 3.6/3.8 MB
Progress (1): 3.6/3.8 MB
Progress (1): 3.6/3.8 MB
Progress (1): 3.6/3.8 MB
Progress (1): 3.6/3.8 MB
Progress (1): 3.6/3.8 MB
Progress (1): 3.6/3.8 MB
Progress (1): 3.7/3.8 MB
Progress (1): 3.7/3.8 MB
Progress (1): 3.7/3.8 MB
Progress (1): 3.7/3.8 MB
Progress (1): 3.7/3.8 MB
Progress (1): 3.7/3.8 MB
Progress (1): 3.7/3.8 MB
Progress (1): 3.7/3.8 MB
Progress (1): 3.7/3.8 MB
Progress (1): 3.7/3.8 MB
Progress (1): 3.7/3.8 MB
Progress (1): 3.7/3.8 MB
Progress (1): 3.7/3.8 MB
Progress (1): 3.7/3.8 MB
Progress (1): 3.7/3.8 MB
Progress (1): 3.7/3.8 MB
Progress (1): 3.7/3.8 MB
Progress (1): 3.7/3.8 MB
Progress (1): 3.7/3.8 MB
Progress (1): 3.7/3.8 MB
Progress (1): 3.7/3.8 MB
Progress (1): 3.7/3.8 MB
Progress (1): 3.7/3.8 MB
Progress (1): 3.7/3.8 MB
Progress (1): 3.7/3.8 MB
Progress (1): 3.7/3.8 MB
Progress (1): 3.8/3.8 MB
Progress (1): 3.8/3.8 MB
Progress (1): 3.8/3.8 MB
Progress (1): 3.8/3.8 MB
Progress (1): 3.8/3.8 MB
Progress (1): 3.8/3.8 MB
Progress (1): 3.8/3.8 MB
Progress (1): 3.8/3.8 MB
Progress (1): 3.8/3.8 MB
Progress (1): 3.8/3.8 MB
Progress (1): 3.8/3.8 MB
Progress (1): 3.8/3.8 MB
Progress (1): 3.8/3.8 MB
Progress (1): 3.8/3.8 MB
Progress (1): 3.8/3.8 MB
Progress (1): 3.8/3.8 MB
Progress (1): 3.8/3.8 MB
Progress (1): 3.8/3.8 MB
Progress (1): 3.8/3.8 MB
Progress (1): 3.8/3.8 MB
Progress (1): 3.8 MB    
                    
Downloaded: https://hub.spigotmc.org/nexus/content/groups/public/io/netty/netty-all/4.1.24.Final/netty-all-4.1.24.Final.jar (3.8 MB at 2.8 MB/s)
[INFO] 
[INFO] --- maven-clean-plugin:2.5:clean (default-clean) @ craftbukkit ---
[INFO] 
[INFO] --- scriptus:0.2:describe (default) @ craftbukkit ---
[INFO] Set property "describe" to "git-Bukkit-1988d7f"
[INFO] 
[INFO] --- maven-resources-plugin:2.6:resources (default-resources) @ craftbukkit ---
[INFO] Using 'UTF-8' encoding to copy filtered resources.
[INFO] Copying 4 resources
[INFO] 
[INFO] --- maven-compiler-plugin:3.7.0:compile (default-compile) @ craftbukkit ---
[INFO] Changes detected - recompiling the module!
[INFO] 
[INFO] --- maven-resources-plugin:2.6:testResources (default-testResources) @ craftbukkit ---
[INFO] Using 'UTF-8' encoding to copy filtered resources.
[INFO] skip non existing resourceDirectory E:\Bibliotheken\Dokumente\Spigotprogramming\Dreamland\Dreamland-Plugin\Spigot\CraftBukkit\src\test\resources
[INFO] 
[INFO] --- maven-compiler-plugin:3.7.0:testCompile (default-testCompile) @ craftbukkit ---
[INFO] Changes detected - recompiling the module!
[INFO] 
[INFO] --- maven-surefire-plugin:2.20:test (default-test) @ craftbukkit ---
[INFO] 
[INFO] -------------------------------------------------------
[INFO]  T E S T S
[INFO] -------------------------------------------------------
[INFO] Running org.bukkit.ArtTest
[INFO] Tests run: 3, Failures: 0, Errors: 0, Skipped: 0, Time elapsed: 0.083 s - in org.bukkit.ArtTest
[INFO] Running org.bukkit.BiomeTest
2018-05-01 00:15:22,136 main WARN Unable to instantiate org.fusesource.jansi.WindowsAnsiOutputStream
2018-05-01 00:15:22,140 main WARN Unable to instantiate org.fusesource.jansi.WindowsAnsiOutputStream
Mai 01, 2018 12:15:23 AM org.bukkit.Bukkit setServer
INFORMATION: This server is running org.bukkit.support.DummyServer version null (Implementing API version 1.12.2-R0.1-SNAPSHOT)
[INFO] Tests run: 2, Failures: 0, Errors: 0, Skipped: 0, Time elapsed: 3.149 s - in org.bukkit.BiomeTest
[INFO] Running org.bukkit.ChatTest
[INFO] Tests run: 1, Failures: 0, Errors: 0, Skipped: 0, Time elapsed: 0.006 s - in org.bukkit.ChatTest
[INFO] Running org.bukkit.craftbukkit.generator.ChunkDataTest
[INFO] Tests run: 3, Failures: 0, Errors: 0, Skipped: 0, Time elapsed: 0.112 s - in org.bukkit.craftbukkit.generator.ChunkDataTest
[INFO] Running org.bukkit.craftbukkit.inventory.FactoryItemMaterialTest
[INFO] Tests run: 1644, Failures: 0, Errors: 0, Skipped: 0, Time elapsed: 1.423 s - in org.bukkit.craftbukkit.inventory.FactoryItemMaterialTest
[INFO] Running org.bukkit.craftbukkit.inventory.ItemFactoryTest
[INFO] Tests run: 1, Failures: 0, Errors: 0, Skipped: 0, Time elapsed: 1.455 s - in org.bukkit.craftbukkit.inventory.ItemFactoryTest
[INFO] Running org.bukkit.craftbukkit.inventory.ItemMetaCloneTest
[INFO] Tests run: 1, Failures: 0, Errors: 0, Skipped: 0, Time elapsed: 0.005 s - in org.bukkit.craftbukkit.inventory.ItemMetaCloneTest
[INFO] Running org.bukkit.craftbukkit.inventory.ItemMetaImplementationOverrideTest
[INFO] Tests run: 117, Failures: 0, Errors: 0, Skipped: 0, Time elapsed: 0.126 s - in org.bukkit.craftbukkit.inventory.ItemMetaImplementationOverrideTest
[INFO] Running org.bukkit.craftbukkit.inventory.ItemMetaTest
[INFO] Tests run: 12, Failures: 0, Errors: 0, Skipped: 0, Time elapsed: 0.057 s - in org.bukkit.craftbukkit.inventory.ItemMetaTest
[INFO] Running org.bukkit.craftbukkit.inventory.NMSCraftItemStackTest
[INFO] Tests run: 2, Failures: 0, Errors: 0, Skipped: 0, Time elapsed: 0 s - in org.bukkit.craftbukkit.inventory.NMSCraftItemStackTest
[INFO] Running org.bukkit.DyeColorsTest
[INFO] Tests run: 32, Failures: 0, Errors: 0, Skipped: 0, Time elapsed: 0.006 s - in org.bukkit.DyeColorsTest
[INFO] Running org.bukkit.entity.EnderDragonPhaseTest
[INFO] Tests run: 3, Failures: 0, Errors: 0, Skipped: 0, Time elapsed: 0.026 s - in org.bukkit.entity.EnderDragonPhaseTest
[INFO] Running org.bukkit.map.MapTest
[INFO] Tests run: 1, Failures: 0, Errors: 0, Skipped: 0, Time elapsed: 0 s - in org.bukkit.map.MapTest
[INFO] Running org.bukkit.MaterialTest
[INFO] Tests run: 1, Failures: 0, Errors: 0, Skipped: 0, Time elapsed: 0 s - in org.bukkit.MaterialTest
[INFO] Running org.bukkit.ParticleTest
[INFO] Tests run: 1, Failures: 0, Errors: 0, Skipped: 0, Time elapsed: 0.001 s - in org.bukkit.ParticleTest
[INFO] Running org.bukkit.PerMaterialTest
[INFO] Tests run: 6482, Failures: 0, Errors: 0, Skipped: 0, Time elapsed: 0.305 s - in org.bukkit.PerMaterialTest
[INFO] Running org.bukkit.potion.PotionTest
[INFO] Tests run: 1, Failures: 0, Errors: 0, Skipped: 0, Time elapsed: 0 s - in org.bukkit.potion.PotionTest
[INFO] Running org.bukkit.SoundTest
[INFO] Tests run: 4, Failures: 0, Errors: 0, Skipped: 0, Time elapsed: 0 s - in org.bukkit.SoundTest
[INFO] Running org.bukkit.StatisticsAndAchievementsTest
[INFO] Tests run: 1, Failures: 0, Errors: 0, Skipped: 0, Time elapsed: 0 s - in org.bukkit.StatisticsAndAchievementsTest
[INFO] Running org.bukkit.WorldTypeTest
[INFO] Tests run: 1, Failures: 0, Errors: 0, Skipped: 0, Time elapsed: 0 s - in org.bukkit.WorldTypeTest
[INFO] 
[INFO] Results:
[INFO] 
[INFO] Tests run: 8313, Failures: 0, Errors: 0, Skipped: 0
[INFO] 
[INFO] 
[INFO] --- maven-jar-plugin:3.0.2:jar (default-jar) @ craftbukkit ---
[INFO] Building jar: E:\Bibliotheken\Dokumente\Spigotprogramming\Dreamland\Dreamland-Plugin\Spigot\CraftBukkit\target\craftbukkit-1.12.2-R0.1-SNAPSHOT.jar
[INFO] 
[INFO] --- maven-shade-plugin:3.1.0:shade (default) @ craftbukkit ---
[INFO] Including io.netty:netty-all:jar:4.1.24.Final in the shaded jar.
[INFO] Including org.bukkit:bukkit:jar:1.12.2-R0.1-SNAPSHOT in the shaded jar.
[INFO] Including commons-lang:commons-lang:jar:2.6 in the shaded jar.
[INFO] Including com.googlecode.json-simple:json-simple:jar:1.1.1 in the shaded jar.
[INFO] Including com.google.guava:guava:jar:21.0 in the shaded jar.
[INFO] Including com.google.code.gson:gson:jar:2.8.0 in the shaded jar.
[INFO] Including org.yaml:snakeyaml:jar:1.19 in the shaded jar.
[INFO] Including org.spigotmc:minecraft-server:jar:1.12.2-SNAPSHOT in the shaded jar.
[INFO] Including net.sf.jopt-simple:jopt-simple:jar:5.0.4 in the shaded jar.
[INFO] Including jline:jline:jar:2.12.1 in the shaded jar.
[INFO] Including org.xerial:sqlite-jdbc:jar:3.21.0.1 in the shaded jar.
[INFO] Including mysql:mysql-connector-java:jar:5.1.45 in the shaded jar.
[WARNING] craftbukkit-1.12.2-R0.1-SNAPSHOT.jar, minecraft-server-1.12.2-SNAPSHOT.jar define 582 overlapping classes: 
[WARNING]   - net.minecraft.server.DispenserRegistry$2
[WARNING]   - net.minecraft.server.DispenserRegistry$12
[WARNING]   - net.minecraft.server.PathfinderGoalNearestAttackableTargetInsentient
[WARNING]   - net.minecraft.server.BlockWaterLily
[WARNING]   - net.minecraft.server.PathfinderGoalHurtByTarget
[WARNING]   - net.minecraft.server.Entity$4
[WARNING]   - net.minecraft.server.BlockGrass
[WARNING]   - net.minecraft.server.PlayerChunkMap$5
[WARNING]   - net.minecraft.server.EntityHorseChestedAbstract
[WARNING]   - net.minecraft.server.Chunk$1
[WARNING]   - 572 more...
[WARNING] gson-2.8.0.jar, minecraft-server-1.12.2-SNAPSHOT.jar define 174 overlapping classes: 
[WARNING]   - com.google.gson.internal.bind.JsonTreeWriter
[WARNING]   - com.google.gson.internal.bind.TreeTypeAdapter$GsonContextImpl
[WARNING]   - com.google.gson.internal.Excluder
[WARNING]   - com.google.gson.JsonDeserializationContext
[WARNING]   - com.google.gson.Gson$6
[WARNING]   - com.google.gson.FieldNamingPolicy$5
[WARNING]   - com.google.gson.internal.$Gson$Types
[WARNING]   - com.google.gson.internal.LinkedTreeMap$KeySet
[WARNING]   - com.google.gson.internal.UnsafeAllocator$2
[WARNING]   - com.google.gson.internal.bind.SqlDateTypeAdapter$1
[WARNING]   - 164 more...
[WARNING] guava-21.0.jar, minecraft-server-1.12.2-SNAPSHOT.jar define 1837 overlapping classes: 
[WARNING]   - com.google.common.collect.ImmutableMapValues$1
[WARNING]   - com.google.common.io.LineProcessor
[WARNING]   - com.google.common.util.concurrent.AbstractService$5
[WARNING]   - com.google.common.io.BaseEncoding$StandardBaseEncoding$2
[WARNING]   - com.google.common.io.ByteProcessor
[WARNING]   - com.google.common.math.package-info
[WARNING]   - com.google.common.util.concurrent.SimpleTimeLimiter
[WARNING]   - com.google.common.cache.AbstractCache$StatsCounter
[WARNING]   - com.google.common.util.concurrent.CycleDetectingLockFactory$Policies
[WARNING]   - com.google.common.primitives.UnsignedInts$LexicographicalComparator
[WARNING]   - 1827 more...
[WARNING] netty-all-4.1.24.Final.jar, minecraft-server-1.12.2-SNAPSHOT.jar define 2256 overlapping classes: 
[WARNING]   - io.netty.handler.codec.http.multipart.InterfaceHttpData$HttpDataType
[WARNING]   - io.netty.resolver.dns.InflightNameResolver$1
[WARNING]   - io.netty.channel.AbstractChannel$AbstractUnsafe$8
[WARNING]   - io.netty.handler.codec.smtp.DefaultSmtpRequest
[WARNING]   - io.netty.handler.codec.redis.RedisMessage
[WARNING]   - io.netty.handler.codec.memcache.binary.BinaryMemcacheResponse
[WARNING]   - io.netty.handler.timeout.IdleStateHandler
[WARNING]   - io.netty.buffer.FixedCompositeByteBuf$Component
[WARNING]   - io.netty.handler.codec.http.HttpHeaders
[WARNING]   - io.netty.channel.group.ChannelMatchers$ClassMatcher
[WARNING]   - 2246 more...
[WARNING] maven-shade-plugin has detected that some class files are
[WARNING] present in two or more JARs. When this happens, only one
[WARNING] single version of the class is copied to the uber jar.
[WARNING] Usually this is not harmful and you can skip these warnings,
[WARNING] otherwise try to manually exclude artifacts based on
[WARNING] mvn dependency:tree -Ddetail=true and the above output.
[WARNING] See http://maven.apache.org/plugins/maven-shade-plugin/
[INFO] Replacing original artifact with shaded artifact.
[INFO] Replacing E:\Bibliotheken\Dokumente\Spigotprogramming\Dreamland\Dreamland-Plugin\Spigot\CraftBukkit\target\craftbukkit-1.12.2-R0.1-SNAPSHOT.jar with E:\Bibliotheken\Dokumente\Spigotprogramming\Dreamland\Dreamland-Plugin\Spigot\CraftBukkit\target\craftbukkit-1.12.2-R0.1-SNAPSHOT-shaded.jar
[INFO] Dependency-reduced POM written at: E:\Bibliotheken\Dokumente\Spigotprogramming\Dreamland\Dreamland-Plugin\Spigot\CraftBukkit\dependency-reduced-pom.xml
[INFO] 
[INFO] --- maven-install-plugin:2.4:install (default-install) @ craftbukkit ---
[INFO] Installing E:\Bibliotheken\Dokumente\Spigotprogramming\Dreamland\Dreamland-Plugin\Spigot\CraftBukkit\target\craftbukkit-1.12.2-R0.1-SNAPSHOT.jar to C:\Users\Steffen Kahl\.m2\repository\org\bukkit\craftbukkit\1.12.2-R0.1-SNAPSHOT\craftbukkit-1.12.2-R0.1-SNAPSHOT.jar
[INFO] Installing E:\Bibliotheken\Dokumente\Spigotprogramming\Dreamland\Dreamland-Plugin\Spigot\CraftBukkit\dependency-reduced-pom.xml to C:\Users\Steffen Kahl\.m2\repository\org\bukkit\craftbukkit\1.12.2-R0.1-SNAPSHOT\craftbukkit-1.12.2-R0.1-SNAPSHOT.pom
[INFO] ------------------------------------------------------------------------
[INFO] BUILD SUCCESS
[INFO] ------------------------------------------------------------------------
[INFO] Total time: 34.301 s
[INFO] Finished at: 2018-05-01T00:15:40+02:00
[INFO] Final Memory: 31M/616M
[INFO] ------------------------------------------------------------------------
Rebuilding Forked projects.... 
From file:///E:\Bibliotheken\Dokumente\Spigotprogramming\Dreamland\Dreamland-Plugin\Spigot\Bukkit
 * [new branch]        spigot     -> origin/spigot
HEAD is now at 33a62b95 Revert "Update to SnakeYAML 1.21"
Cloning into 'Spigot-API'...
done.
Resetting Spigot-API to Bukkit...
fatal: No such remote: upstream
HEAD is now at 33a62b95 Revert "Update to SnakeYAML 1.21"
  Applying patches to Spigot-API...
fatal: Resolve operation not in progress, we are not resuming.
Applying: POM Changes
Applying: Skeleton API Implementations
Applying: Spigot Timings
Applying: Add PlayerItemDamageEvent
Applying: BungeeCord Support
Applying: Add Arrow API
Applying: Add Particle API
Applying: Define EntitySpawnEvent and SpawnerSpawnEvent
Applying: Entity Mount and Dismount Events
Applying: InventoryClickEvent getClickedInventory
Applying: Added getAllSessionData() to the Conversation API.
Applying: Player Collision API
Applying: Expand Boolean Prompt Values
Applying: Add Getter for Entity Invulnerability
Applying: Add respawn API.
Applying: Implement Locale Getter for Players
Applying: Add support for fetching hidden players
Applying: Silenceable Lightning API
Applying: Remove deprecation on some player lookup methods
Applying: Add PlayerSpawnLocationEvent.
Applying: Ease ClassLoader Deadlocks Where Possible
Applying: Undeprecate Player#updateInventory()V
Applying: Added isUnbreakable and setUnbreakable to ItemMeta
Applying: BungeeCord Chat API
Applying: Add restart API.
  Patches applied cleanly to Spigot-API
HEAD is now at f1bfe3ca CraftBukkit $ Tue May 01 00:14:44 CEST 2018
Cloning into 'Spigot-Server'...
done.
Resetting Spigot-Server to CraftBukkit...
fatal: No such remote: upstream
HEAD is now at f1bfe3ca CraftBukkit $ Tue May 01 00:14:44 CEST 2018
  Applying patches to Spigot-Server...
fatal: Resolve operation not in progress, we are not resuming.
Applying: POM Changes
Applying: Skeleton API Implementations
Applying: mc-dev imports
Applying: Obfuscation Helpers
Applying: Spigot Configuration
Applying: Crop Growth Rates
Applying: Merge tweaks and configuration
Applying: Async Operation Catching
Applying: View Distance
Applying: Spigot Timings
Applying: Fix Mob Spawning Relative to View Distance
Applying: Handle Null Tile Entities
Applying: Item Despawn Rate
Applying: Entity Activation Range
Applying: Metrics
Applying: PlayerItemDamageEvent
Applying: Entity Tracking Ranges
Applying: Thread Naming and Tweaks
Applying: Close Unloaded Save Files
Applying: Remove -o Option
Applying: Implement Arrow API
Applying: Hopper Customisations
Applying: Allow Disabling of Command Logging
Applying: Allow Disabling of Command TabComplete
Applying: Configurable Messages
Applying: Allow Disabling of Random Lighting Updates
Applying: Properly Close Inventories
Applying: Disallow Interaction With Self
Applying: Entity Mount and Dismount Events
Applying: Prevent Ghost Players Caused by Plugins
Applying: Plug World Unload Memory Leak
Applying: Player Collision API
Applying: Fully Disable Snooper When Not Required
Applying: Add Getter for Entity Invulnerability
Applying: Allow Disabling of 1.6.3 Structure Saving
Applying: Don't Special Case X Move Value
Applying: Implement respawn API.
Applying: Arrow Despawn Rate
Applying: Watchdog Thread.
Applying: Fix some chunks not being sent to the client
Applying: Fix Broken Async Chat
Applying: Fire PreLogin Events in Offline Mode
Applying: BungeeCord Support
Applying: Allow Disabling Zombie Villager Aggression
Applying: Configurable Amount of Netty Threads
Applying: Prevent Mineshaft Saving
Applying: Log Cause of Unexpected Exceptions
Applying: Particle API
Applying: Save ticks lived to nbttag
Applying: Add Option to Nerf Mobs from Spawners
Applying: Disable Connected Check on setScoreboard
Applying: Add Late Bind Option
Applying: Allow statistics to be disabled/forced
Applying: Try and Debug Crash Reports Crashing
Applying: Improve AutoSave Mechanism
Applying: Catch stalling on corrupted map data / NBT arrays.
Applying: Allow toggling of ZombiePigmen spawning in portal blocks
Applying: Highly Optimized Tick Loop
Applying: Configurable Ping Sample Size
Applying: Add Optional Tick Shuffling
Applying: Implement Locale Getter for Players
Applying: Spam Filter Exclusions
Applying: Add Option to Silence CommandBlock Console
Applying: Add support for fetching hidden players
Applying: Allow Disabling Creative Item Filter
Applying: Cap Channel Registrations
Applying: Allow vanilla commands to be the main version of a command
Applying: Implement Silenceable Lightning API
Applying: Use one PermissibleBase for all Command Blocks
Applying: Prevent hoppers from loading chunks
Applying: Guard Entity List
Applying: Fix ConcurrentModificationException while being idle kicked in a vehicle
Applying: Cancellable WitherSkull potion effect
Applying: Descriptive kick reasons instead of Nope!
Applying: Configurable dragon death and wither spawn sounds
Applying: Display 'Spigot' in client crashes, server lists and Mojang stats
Applying: Treat Bungee as Online Mode
Applying: Add Conversion Message
Applying: Print Stack on InternalException
Applying: Use Offline Player Data Once if Required.
Applying: Use Provided Case for Non Existent Offline Players
Applying: Check for blank OfflinePlayer Names
Applying: Fix Player Banning
Applying: Fix ban expire dates.
Applying: Correct Ban Expiration
Applying: Log null TileEntity Owner
Applying: Convert player skulls async
Applying: Prevent NoClassDefError crash and notify on crash
Applying: Check Skull canPlace
Applying: Fix race condition that could kill connections before they were initiated
Applying: Configurable UserCache cap
Applying: Implement PlayerSpawnLocationEvent.
Applying: Cap Objective Score Length
Applying: Process conversation input on the main thread. Fixes BUKKIT-5611
Applying: Configurable save-on-stop-only for UserCache
Applying: Prevent Unbounded IntCache Growth
Applying: Cross World Entity Teleportation
Applying: Limit block placement/interaction packets
Applying: Better item validation
Applying: Further Seed Customisation
Applying: Disable ResourceLeakDetector
Applying: Add More Information to session.lock Errors
Applying: Safer JSON Loading
Applying: Add CommandLine EULA Flag
Applying: Fix for enchanting table wiping meta when placing stacked items
Applying: Don't spawn bonus ocelots when plugins spawn ocelots
Applying: Prevent a crash involving attributes
Applying: Make "moved wrongly" limit configurable
Applying: Fix Null Tile Entity Worlds
Applying: Make "moved too quickly" limit configurable
Applying: Apply NBTReadLimiter to more things.
Applying: Allow Attribute Capping.
Applying: Only fetch an online UUID in online mode
Applying: Filter attribute modifiers which cause the attribute to go out of its range
Applying: Plug WorldMap Memory Leak
Applying: Fix Corrupted Trapped Chest
Applying: Remove uneeded validation
Applying: Add Hunger Config Values
Applying: Make debug logging togglable.
Applying: Limit TNT Detonations per tick
Applying: Added isUnbreakable and setUnbreakable to ItemMeta
Applying: Configurable Hanging Tick
Applying: Refactor ItemDoor Place
Applying: BungeeCord Chat API
Applying: Use Standard List for EntitySlices.
Applying: Allow Capping (Tile)Entity Tick Time.
Applying: Use FastMatches for ItemStack Dirty Check
Applying: Use CLQ for main thread tasks.
Applying: map decoration fix
Applying: Use Map for getPlayer(String) lookup.
Applying: Clear Packet Queue on Disconnect
Applying: Implement SpawnerSpawnEvent.
Applying: Don't tick blocks if neighbor chunks aren't loaded
Applying: Branchless NibbleArray
Applying: Replace chunk loading / unloading rate throttling.
Applying: Configurable Advancement Disabling
Applying: Make unloaded chunk saving more asynchronous
Applying: Allow changing minimum squid spawn range
Applying: Cache BlockState.hashCode
  Patches applied cleanly to Spigot-Server
*** Spigot patches applied!
Compiling Spigot & Spigot-API
[INFO] Scanning for projects...
[INFO] ------------------------------------------------------------------------
[INFO] Reactor Build Order:
[INFO] 
[INFO] Spigot-API
[INFO] Spigot-Parent
[INFO] Spigot
[INFO] 
[INFO] ------------------------------------------------------------------------
[INFO] Building Spigot-API 1.12.2-R0.1-SNAPSHOT
[INFO] ------------------------------------------------------------------------
Downloading: https://hub.spigotmc.org/nexus/content/groups/public/net/md-5/bungeecord-chat/1.12-SNAPSHOT/maven-metadata.xml
Progress (1): 1.2 kB
                    
Downloaded: https://hub.spigotmc.org/nexus/content/groups/public/net/md-5/bungeecord-chat/1.12-SNAPSHOT/maven-metadata.xml (1.2 kB at 1.7 kB/s)
Downloading: https://hub.spigotmc.org/nexus/content/groups/public/net/md-5/bungeecord-chat/1.12-SNAPSHOT/bungeecord-chat-1.12-20180420.081408-78.pom
Progress (1): 1.1 kB
                    
Downloaded: https://hub.spigotmc.org/nexus/content/groups/public/net/md-5/bungeecord-chat/1.12-SNAPSHOT/bungeecord-chat-1.12-20180420.081408-78.pom (1.1 kB at 5.2 kB/s)
Downloading: https://hub.spigotmc.org/nexus/content/groups/public/net/md-5/bungeecord-parent/1.12-SNAPSHOT/maven-metadata.xml
Progress (1): 602 B
                   
Downloaded: https://hub.spigotmc.org/nexus/content/groups/public/net/md-5/bungeecord-parent/1.12-SNAPSHOT/maven-metadata.xml (602 B at 2.5 kB/s)
Downloading: https://hub.spigotmc.org/nexus/content/groups/public/net/md-5/bungeecord-parent/1.12-SNAPSHOT/bungeecord-parent-1.12-20180420.081355-78.pom
Progress (1): 1.2 kB
Progress (1): 2.7 kB
Progress (1): 5.6 kB
Progress (1): 6.5 kB
                    
Downloaded: https://hub.spigotmc.org/nexus/content/groups/public/net/md-5/bungeecord-parent/1.12-SNAPSHOT/bungeecord-parent-1.12-20180420.081355-78.pom (6.5 kB at 28 kB/s)
Downloading: https://hub.spigotmc.org/nexus/content/groups/public/net/md-5/bungeecord-chat/1.12-SNAPSHOT/bungeecord-chat-1.12-20180420.081408-78.jar
Progress (1): 0.9/73 kB
Progress (1): 2.3/73 kB
Progress (1): 3.6/73 kB
Progress (1): 5.0/73 kB
Progress (1): 6.4/73 kB
Progress (1): 7.7/73 kB
Progress (1): 9.1/73 kB
Progress (1): 10/73 kB 
Progress (1): 12/73 kB
Progress (1): 13/73 kB
Progress (1): 14/73 kB
Progress (1): 15/73 kB
Progress (1): 16/73 kB
Progress (1): 18/73 kB
Progress (1): 19/73 kB
Progress (1): 21/73 kB
Progress (1): 22/73 kB
Progress (1): 23/73 kB
Progress (1): 24/73 kB
Progress (1): 25/73 kB
Progress (1): 27/73 kB
Progress (1): 28/73 kB
Progress (1): 29/73 kB
Progress (1): 31/73 kB
Progress (1): 32/73 kB
Progress (1): 34/73 kB
Progress (1): 35/73 kB
Progress (1): 36/73 kB
Progress (1): 40/73 kB
Progress (1): 43/73 kB
Progress (1): 47/73 kB
Progress (1): 47/73 kB
Progress (1): 51/73 kB
Progress (1): 51/73 kB
Progress (1): 55/73 kB
Progress (1): 56/73 kB
Progress (1): 59/73 kB
Progress (1): 63/73 kB
Progress (1): 64/73 kB
Progress (1): 68/73 kB
Progress (1): 68/73 kB
Progress (1): 72/73 kB
Progress (1): 72/73 kB
Progress (1): 73 kB   
                   
Downloaded: https://hub.spigotmc.org/nexus/content/groups/public/net/md-5/bungeecord-chat/1.12-SNAPSHOT/bungeecord-chat-1.12-20180420.081408-78.jar (73 kB at 127 kB/s)
[INFO] 
[INFO] --- maven-clean-plugin:2.5:clean (default-clean) @ spigot-api ---
[INFO] 
[INFO] --- maven-resources-plugin:2.6:resources (default-resources) @ spigot-api ---
[INFO] Using 'UTF-8' encoding to copy filtered resources.
[INFO] skip non existing resourceDirectory E:\Bibliotheken\Dokumente\Spigotprogramming\Dreamland\Dreamland-Plugin\Spigot\Spigot\Spigot-API\src\main\resources
[INFO] 
[INFO] --- maven-compiler-plugin:3.7.0:compile (default-compile) @ spigot-api ---
[INFO] Changes detected - recompiling the module!
[INFO] 
[INFO] --- maven-resources-plugin:2.6:testResources (default-testResources) @ spigot-api ---
[INFO] Using 'UTF-8' encoding to copy filtered resources.
[INFO] skip non existing resourceDirectory E:\Bibliotheken\Dokumente\Spigotprogramming\Dreamland\Dreamland-Plugin\Spigot\Spigot\Spigot-API\src\test\resources
[INFO] 
[INFO] --- maven-compiler-plugin:3.7.0:testCompile (default-testCompile) @ spigot-api ---
[INFO] Changes detected - recompiling the module!
[INFO] 
[INFO] --- maven-surefire-plugin:2.12.4:test (default-test) @ spigot-api ---
[INFO] Surefire report directory: E:\Bibliotheken\Dokumente\Spigotprogramming\Dreamland\Dreamland-Plugin\Spigot\Spigot\Spigot-API\target\surefire-reports

-------------------------------------------------------
 T E S T S
-------------------------------------------------------
Running org.bukkit.ArtTest
Tests run: 5, Failures: 0, Errors: 0, Skipped: 0, Time elapsed: 0.073 sec
Running org.bukkit.BukkitMirrorTest
Tests run: 500, Failures: 0, Errors: 0, Skipped: 0, Time elapsed: 0.142 sec
Running org.bukkit.ChatColorTest
Tests run: 10, Failures: 0, Errors: 0, Skipped: 0, Time elapsed: 0.004 sec
Running org.bukkit.ChatPaginatorTest
Tests run: 15, Failures: 0, Errors: 0, Skipped: 0, Time elapsed: 0.004 sec
Running org.bukkit.CoalTypeTest
Tests run: 1, Failures: 0, Errors: 0, Skipped: 0, Time elapsed: 0 sec
Running org.bukkit.ColorTest
Tests run: 52, Failures: 0, Errors: 0, Skipped: 0, Time elapsed: 0.124 sec
Running org.bukkit.configuration.file.YamlConfigurationTest
Tests run: 17, Failures: 0, Errors: 0, Skipped: 0, Time elapsed: 0.175 sec
Running org.bukkit.configuration.MemoryConfigurationTest
Tests run: 6, Failures: 0, Errors: 0, Skipped: 0, Time elapsed: 0.001 sec
Running org.bukkit.configuration.MemorySectionTest
Tests run: 42, Failures: 0, Errors: 0, Skipped: 0, Time elapsed: 0.124 sec
Running org.bukkit.conversations.ConversationContextTest
Tests run: 3, Failures: 0, Errors: 0, Skipped: 0, Time elapsed: 0.001 sec
Running org.bukkit.conversations.ConversationTest
Tests run: 4, Failures: 0, Errors: 0, Skipped: 0, Time elapsed: 0.004 sec
Running org.bukkit.conversations.ValidatingPromptTest
Tests run: 4, Failures: 0, Errors: 0, Skipped: 0, Time elapsed: 0.016 sec
Running org.bukkit.CropStateTest
Tests run: 1, Failures: 0, Errors: 0, Skipped: 0, Time elapsed: 0 sec
Running org.bukkit.DifficultyTest
Tests run: 1, Failures: 0, Errors: 0, Skipped: 0, Time elapsed: 0 sec
Running org.bukkit.DyeColorTest
Tests run: 80, Failures: 0, Errors: 0, Skipped: 0, Time elapsed: 0.012 sec
Running org.bukkit.EffectTest
Tests run: 1, Failures: 0, Errors: 0, Skipped: 0, Time elapsed: 0.004 sec
Running org.bukkit.EntityEffectTest
Tests run: 1, Failures: 0, Errors: 0, Skipped: 0, Time elapsed: 0.008 sec
Running org.bukkit.event.PlayerChatTabCompleteEventTest
Tests run: 1, Failures: 0, Errors: 0, Skipped: 0, Time elapsed: 0.099 sec
Running org.bukkit.event.SyntheticEventTest
Mai 01, 2018 12:16:41 AM org.bukkit.Bukkit setServer
INFORMATION: This server is running TestServer version Version_null (Implementing API version BukkitVersion_null)
Invk org.bukkit.event.TestEvent@7a69b07
Tests run: 1, Failures: 0, Errors: 0, Skipped: 0, Time elapsed: 0.044 sec
Running org.bukkit.GameModeTest
Tests run: 1, Failures: 0, Errors: 0, Skipped: 0, Time elapsed: 0 sec
Running org.bukkit.GrassSpeciesTest
Tests run: 1, Failures: 0, Errors: 0, Skipped: 0, Time elapsed: 0 sec
Running org.bukkit.InstrumentTest
Tests run: 1, Failures: 0, Errors: 0, Skipped: 0, Time elapsed: 0.001 sec
Running org.bukkit.LocationTest
Tests run: 60, Failures: 0, Errors: 0, Skipped: 0, Time elapsed: 0.009 sec
Running org.bukkit.materials.MaterialDataTest
Tests run: 11, Failures: 0, Errors: 0, Skipped: 0, Time elapsed: 0.007 sec
Running org.bukkit.MaterialTest
Tests run: 10, Failures: 0, Errors: 0, Skipped: 0, Time elapsed: 0.029 sec
Running org.bukkit.metadata.FixedMetadataValueTest
Tests run: 3, Failures: 0, Errors: 0, Skipped: 0, Time elapsed: 0.002 sec
Running org.bukkit.metadata.LazyMetadataValueTest
Tests run: 8, Failures: 0, Errors: 0, Skipped: 0, Time elapsed: 0.005 sec
Running org.bukkit.metadata.MetadataConversionTest
Tests run: 5, Failures: 0, Errors: 0, Skipped: 0, Time elapsed: 0 sec
Running org.bukkit.metadata.MetadataStoreTest
Tests run: 9, Failures: 0, Errors: 0, Skipped: 0, Time elapsed: 0.003 sec
Running org.bukkit.metadata.MetadataValueAdapterTest
Tests run: 4, Failures: 0, Errors: 0, Skipped: 0, Time elapsed: 0 sec
Running org.bukkit.NoteTest
Tests run: 17, Failures: 0, Errors: 0, Skipped: 0, Time elapsed: 0.01 sec
Running org.bukkit.plugin.messaging.StandardMessengerTest
Tests run: 16, Failures: 0, Errors: 0, Skipped: 0, Time elapsed: 0.009 sec
Running org.bukkit.plugin.PluginManagerTest
Tests run: 11, Failures: 0, Errors: 0, Skipped: 0, Time elapsed: 0.01 sec
Running org.bukkit.plugin.TimedRegisteredListenerTest
Tests run: 1, Failures: 0, Errors: 0, Skipped: 0, Time elapsed: 0.001 sec
Running org.bukkit.TreeSpeciesTest
Tests run: 1, Failures: 0, Errors: 0, Skipped: 0, Time elapsed: 0 sec
Running org.bukkit.util.io.BukkitObjectStreamTest
Tests run: 6, Failures: 0, Errors: 0, Skipped: 3, Time elapsed: 0.083 sec
Running org.bukkit.util.StringUtilStartsWithTest
Tests run: 10, Failures: 0, Errors: 0, Skipped: 0, Time elapsed: 0.003 sec
Running org.bukkit.util.StringUtilTest
Tests run: 8, Failures: 0, Errors: 0, Skipped: 0, Time elapsed: 0 sec
Running org.bukkit.WorldTypeTest
Tests run: 1, Failures: 0, Errors: 0, Skipped: 0, Time elapsed: 0 sec

Results :

Tests run: 929, Failures: 0, Errors: 0, Skipped: 3

[INFO] 
[INFO] --- maven-jar-plugin:2.4:jar (default-jar) @ spigot-api ---
[INFO] Building jar: E:\Bibliotheken\Dokumente\Spigotprogramming\Dreamland\Dreamland-Plugin\Spigot\Spigot\Spigot-API\target\spigot-api-1.12.2-R0.1-SNAPSHOT.jar
[INFO] 
[INFO] --- maven-shade-plugin:3.1.0:shade (default) @ spigot-api ---
[INFO] Including commons-lang:commons-lang:jar:2.6 in the shaded jar.
[INFO] Including com.googlecode.json-simple:json-simple:jar:1.1.1 in the shaded jar.
[INFO] Including com.google.guava:guava:jar:21.0 in the shaded jar.
[INFO] Including com.google.code.gson:gson:jar:2.8.0 in the shaded jar.
[INFO] Including org.yaml:snakeyaml:jar:1.19 in the shaded jar.
[INFO] Including net.md-5:bungeecord-chat:jar:1.12-SNAPSHOT in the shaded jar.
[INFO] Attaching shaded artifact.
[INFO] 
[INFO] --- maven-install-plugin:2.4:install (default-install) @ spigot-api ---
[INFO] Installing E:\Bibliotheken\Dokumente\Spigotprogramming\Dreamland\Dreamland-Plugin\Spigot\Spigot\Spigot-API\target\spigot-api-1.12.2-R0.1-SNAPSHOT.jar to C:\Users\Steffen Kahl\.m2\repository\org\spigotmc\spigot-api\1.12.2-R0.1-SNAPSHOT\spigot-api-1.12.2-R0.1-SNAPSHOT.jar
[INFO] Installing E:\Bibliotheken\Dokumente\Spigotprogramming\Dreamland\Dreamland-Plugin\Spigot\Spigot\Spigot-API\pom.xml to C:\Users\Steffen Kahl\.m2\repository\org\spigotmc\spigot-api\1.12.2-R0.1-SNAPSHOT\spigot-api-1.12.2-R0.1-SNAPSHOT.pom
[INFO] Installing E:\Bibliotheken\Dokumente\Spigotprogramming\Dreamland\Dreamland-Plugin\Spigot\Spigot\Spigot-API\target\spigot-api-1.12.2-R0.1-SNAPSHOT-shaded.jar to C:\Users\Steffen Kahl\.m2\repository\org\spigotmc\spigot-api\1.12.2-R0.1-SNAPSHOT\spigot-api-1.12.2-R0.1-SNAPSHOT-shaded.jar
[INFO] 
[INFO] ------------------------------------------------------------------------
[INFO] Building Spigot-Parent dev-SNAPSHOT
[INFO] ------------------------------------------------------------------------
[INFO] 
[INFO] --- maven-clean-plugin:2.5:clean (default-clean) @ spigot-parent ---
[INFO] 
[INFO] --- maven-install-plugin:2.4:install (default-install) @ spigot-parent ---
[INFO] Installing E:\Bibliotheken\Dokumente\Spigotprogramming\Dreamland\Dreamland-Plugin\Spigot\Spigot\pom.xml to C:\Users\Steffen Kahl\.m2\repository\org\spigotmc\spigot-parent\dev-SNAPSHOT\spigot-parent-dev-SNAPSHOT.pom
[INFO] 
[INFO] ------------------------------------------------------------------------
[INFO] Building Spigot 1.12.2-R0.1-SNAPSHOT
[INFO] ------------------------------------------------------------------------
[INFO] 
[INFO] --- maven-clean-plugin:2.5:clean (default-clean) @ spigot ---
[INFO] 
[INFO] --- scriptus:0.2:describe (ex-spigot) @ spigot ---
[INFO] Set property "spigot.desc" to "git-Spigot-2086bb0"
[INFO] 
[INFO] --- scriptus:0.2:describe (ex-craftbukkit) @ spigot ---
[INFO] Set property "craftbukkit.desc" to "-1988d7f"
[INFO] 
[INFO] --- maven-resources-plugin:2.6:resources (default-resources) @ spigot ---
[INFO] Using 'UTF-8' encoding to copy filtered resources.
[INFO] Copying 4 resources
[INFO] 
[INFO] --- maven-compiler-plugin:3.7.0:compile (default-compile) @ spigot ---
[INFO] Changes detected - recompiling the module!
[INFO] 
[INFO] --- maven-resources-plugin:2.6:testResources (default-testResources) @ spigot ---
[INFO] Using 'UTF-8' encoding to copy filtered resources.
[INFO] skip non existing resourceDirectory E:\Bibliotheken\Dokumente\Spigotprogramming\Dreamland\Dreamland-Plugin\Spigot\Spigot\Spigot-Server\src\test\resources
[INFO] 
[INFO] --- maven-compiler-plugin:3.7.0:testCompile (default-testCompile) @ spigot ---
[INFO] Changes detected - recompiling the module!
[INFO] 
[INFO] --- maven-surefire-plugin:2.20:test (default-test) @ spigot ---
[INFO] 
[INFO] -------------------------------------------------------
[INFO]  T E S T S
[INFO] -------------------------------------------------------
[INFO] Running org.bukkit.ArtTest
[INFO] Tests run: 3, Failures: 0, Errors: 0, Skipped: 0, Time elapsed: 0.081 s - in org.bukkit.ArtTest
[INFO] Running org.bukkit.BiomeTest
2018-05-01 00:16:53,812 main WARN Unable to instantiate org.fusesource.jansi.WindowsAnsiOutputStream
2018-05-01 00:16:53,815 main WARN Unable to instantiate org.fusesource.jansi.WindowsAnsiOutputStream
Mai 01, 2018 12:16:55 AM org.bukkit.Bukkit setServer
INFORMATION: This server is running org.bukkit.support.DummyServer version null (Implementing API version 1.12.2-R0.1-SNAPSHOT)
[INFO] Tests run: 2, Failures: 0, Errors: 0, Skipped: 0, Time elapsed: 3.079 s - in org.bukkit.BiomeTest
[INFO] Running org.bukkit.ChatTest
[INFO] Tests run: 1, Failures: 0, Errors: 0, Skipped: 0, Time elapsed: 0.01 s - in org.bukkit.ChatTest
[INFO] Running org.bukkit.craftbukkit.generator.ChunkDataTest
[INFO] Tests run: 3, Failures: 0, Errors: 0, Skipped: 0, Time elapsed: 0.094 s - in org.bukkit.craftbukkit.generator.ChunkDataTest
[INFO] Running org.bukkit.craftbukkit.inventory.FactoryItemMaterialTest
[INFO] Tests run: 1644, Failures: 0, Errors: 0, Skipped: 0, Time elapsed: 1.331 s - in org.bukkit.craftbukkit.inventory.FactoryItemMaterialTest
[INFO] Running org.bukkit.craftbukkit.inventory.ItemFactoryTest
[INFO] Tests run: 1, Failures: 0, Errors: 0, Skipped: 0, Time elapsed: 1.401 s - in org.bukkit.craftbukkit.inventory.ItemFactoryTest
[INFO] Running org.bukkit.craftbukkit.inventory.ItemMetaCloneTest
[INFO] Tests run: 1, Failures: 0, Errors: 0, Skipped: 0, Time elapsed: 0.004 s - in org.bukkit.craftbukkit.inventory.ItemMetaCloneTest
[INFO] Running org.bukkit.craftbukkit.inventory.ItemMetaImplementationOverrideTest
[INFO] Tests run: 117, Failures: 0, Errors: 0, Skipped: 0, Time elapsed: 0.049 s - in org.bukkit.craftbukkit.inventory.ItemMetaImplementationOverrideTest
[INFO] Running org.bukkit.craftbukkit.inventory.ItemMetaTest
[INFO] Tests run: 12, Failures: 0, Errors: 0, Skipped: 0, Time elapsed: 0.091 s - in org.bukkit.craftbukkit.inventory.ItemMetaTest
[INFO] Running org.bukkit.craftbukkit.inventory.NMSCraftItemStackTest
[INFO] Tests run: 2, Failures: 0, Errors: 0, Skipped: 0, Time elapsed: 0.001 s - in org.bukkit.craftbukkit.inventory.NMSCraftItemStackTest
[INFO] Running org.bukkit.DyeColorsTest
[INFO] Tests run: 32, Failures: 0, Errors: 0, Skipped: 0, Time elapsed: 0.005 s - in org.bukkit.DyeColorsTest
[INFO] Running org.bukkit.entity.EnderDragonPhaseTest
[INFO] Tests run: 3, Failures: 0, Errors: 0, Skipped: 0, Time elapsed: 0.039 s - in org.bukkit.entity.EnderDragonPhaseTest
[INFO] Running org.bukkit.map.MapTest
[INFO] Tests run: 1, Failures: 0, Errors: 0, Skipped: 0, Time elapsed: 0 s - in org.bukkit.map.MapTest
[INFO] Running org.bukkit.MaterialTest
[INFO] Tests run: 1, Failures: 0, Errors: 0, Skipped: 0, Time elapsed: 0.001 s - in org.bukkit.MaterialTest
[INFO] Running org.bukkit.NibbleArrayTest
[INFO] Tests run: 1, Failures: 0, Errors: 0, Skipped: 0, Time elapsed: 0 s - in org.bukkit.NibbleArrayTest
[INFO] Running org.bukkit.ParticleTest
[INFO] Tests run: 1, Failures: 0, Errors: 0, Skipped: 0, Time elapsed: 0 s - in org.bukkit.ParticleTest
[INFO] Running org.bukkit.PerMaterialTest
[INFO] Tests run: 6482, Failures: 0, Errors: 0, Skipped: 0, Time elapsed: 0.372 s - in org.bukkit.PerMaterialTest
[INFO] Running org.bukkit.potion.PotionTest
[INFO] Tests run: 1, Failures: 0, Errors: 0, Skipped: 0, Time elapsed: 0 s - in org.bukkit.potion.PotionTest
[INFO] Running org.bukkit.SoundTest
[INFO] Tests run: 4, Failures: 0, Errors: 0, Skipped: 0, Time elapsed: 0 s - in org.bukkit.SoundTest
[INFO] Running org.bukkit.StatisticsAndAchievementsTest
[INFO] Tests run: 1, Failures: 0, Errors: 0, Skipped: 0, Time elapsed: 0 s - in org.bukkit.StatisticsAndAchievementsTest
[INFO] Running org.bukkit.WorldTypeTest
[INFO] Tests run: 1, Failures: 0, Errors: 0, Skipped: 0, Time elapsed: 0 s - in org.bukkit.WorldTypeTest
[INFO] 
[INFO] Results:
[INFO] 
[INFO] Tests run: 8314, Failures: 0, Errors: 0, Skipped: 0
[INFO] 
[INFO] 
[INFO] --- maven-jar-plugin:3.0.2:jar (default-jar) @ spigot ---
[INFO] Building jar: E:\Bibliotheken\Dokumente\Spigotprogramming\Dreamland\Dreamland-Plugin\Spigot\Spigot\Spigot-Server\target\spigot-1.12.2-R0.1-SNAPSHOT.jar
[INFO] 
[INFO] --- maven-shade-plugin:3.1.0:shade (default) @ spigot ---
[INFO] Including io.netty:netty-all:jar:4.1.24.Final in the shaded jar.
[INFO] Including org.spigotmc:spigot-api:jar:1.12.2-R0.1-SNAPSHOT in the shaded jar.
[INFO] Including commons-lang:commons-lang:jar:2.6 in the shaded jar.
[INFO] Including com.googlecode.json-simple:json-simple:jar:1.1.1 in the shaded jar.
[INFO] Including com.google.guava:guava:jar:21.0 in the shaded jar.
[INFO] Including com.google.code.gson:gson:jar:2.8.0 in the shaded jar.
[INFO] Including org.yaml:snakeyaml:jar:1.19 in the shaded jar.
[INFO] Including net.md-5:bungeecord-chat:jar:1.12-SNAPSHOT in the shaded jar.
[INFO] Including org.spigotmc:minecraft-server:jar:1.12.2-SNAPSHOT in the shaded jar.
[INFO] Including net.sf.jopt-simple:jopt-simple:jar:5.0.4 in the shaded jar.
[INFO] Including jline:jline:jar:2.12.1 in the shaded jar.
[INFO] Including org.xerial:sqlite-jdbc:jar:3.21.0.1 in the shaded jar.
[INFO] Including mysql:mysql-connector-java:jar:5.1.45 in the shaded jar.
[INFO] Including net.sf.trove4j:trove4j:jar:3.0.3 in the shaded jar.
[WARNING] gson-2.8.0.jar, minecraft-server-1.12.2-SNAPSHOT.jar define 174 overlapping classes: 
[WARNING]   - com.google.gson.internal.bind.JsonTreeWriter
[WARNING]   - com.google.gson.internal.bind.TreeTypeAdapter$GsonContextImpl
[WARNING]   - com.google.gson.internal.Excluder
[WARNING]   - com.google.gson.JsonDeserializationContext
[WARNING]   - com.google.gson.Gson$6
[WARNING]   - com.google.gson.FieldNamingPolicy$5
[WARNING]   - com.google.gson.internal.$Gson$Types
[WARNING]   - com.google.gson.internal.LinkedTreeMap$KeySet
[WARNING]   - com.google.gson.internal.UnsafeAllocator$2
[WARNING]   - com.google.gson.internal.bind.SqlDateTypeAdapter$1
[WARNING]   - 164 more...
[WARNING] guava-21.0.jar, minecraft-server-1.12.2-SNAPSHOT.jar define 1837 overlapping classes: 
[WARNING]   - com.google.common.collect.ImmutableMapValues$1
[WARNING]   - com.google.common.io.LineProcessor
[WARNING]   - com.google.common.util.concurrent.AbstractService$5
[WARNING]   - com.google.common.io.BaseEncoding$StandardBaseEncoding$2
[WARNING]   - com.google.common.io.ByteProcessor
[WARNING]   - com.google.common.math.package-info
[WARNING]   - com.google.common.util.concurrent.SimpleTimeLimiter
[WARNING]   - com.google.common.cache.AbstractCache$StatsCounter
[WARNING]   - com.google.common.util.concurrent.CycleDetectingLockFactory$Policies
[WARNING]   - com.google.common.primitives.UnsignedInts$LexicographicalComparator
[WARNING]   - 1827 more...
[WARNING] spigot-1.12.2-R0.1-SNAPSHOT.jar, minecraft-server-1.12.2-SNAPSHOT.jar define 626 overlapping classes: 
[WARNING]   - net.minecraft.server.DispenserRegistry$2
[WARNING]   - net.minecraft.server.DispenserRegistry$12
[WARNING]   - net.minecraft.server.PathfinderGoalNearestAttackableTargetInsentient
[WARNING]   - net.minecraft.server.BlockWaterLily
[WARNING]   - net.minecraft.server.PathfinderGoalHurtByTarget
[WARNING]   - net.minecraft.server.Entity$4
[WARNING]   - net.minecraft.server.BlockGrass
[WARNING]   - net.minecraft.server.PlayerChunkMap$5
[WARNING]   - net.minecraft.server.EntityHorseChestedAbstract
[WARNING]   - net.minecraft.server.Chunk$1
[WARNING]   - 616 more...
[WARNING] netty-all-4.1.24.Final.jar, minecraft-server-1.12.2-SNAPSHOT.jar define 2256 overlapping classes: 
[WARNING]   - io.netty.handler.codec.http.multipart.InterfaceHttpData$HttpDataType
[WARNING]   - io.netty.resolver.dns.InflightNameResolver$1
[WARNING]   - io.netty.channel.AbstractChannel$AbstractUnsafe$8
[WARNING]   - io.netty.handler.codec.smtp.DefaultSmtpRequest
[WARNING]   - io.netty.handler.codec.redis.RedisMessage
[WARNING]   - io.netty.handler.codec.memcache.binary.BinaryMemcacheResponse
[WARNING]   - io.netty.handler.timeout.IdleStateHandler
[WARNING]   - io.netty.buffer.FixedCompositeByteBuf$Component
[WARNING]   - io.netty.handler.codec.http.HttpHeaders
[WARNING]   - io.netty.channel.group.ChannelMatchers$ClassMatcher
[WARNING]   - 2246 more...
[WARNING] maven-shade-plugin has detected that some class files are
[WARNING] present in two or more JARs. When this happens, only one
[WARNING] single version of the class is copied to the uber jar.
[WARNING] Usually this is not harmful and you can skip these warnings,
[WARNING] otherwise try to manually exclude artifacts based on
[WARNING] mvn dependency:tree -Ddetail=true and the above output.
[WARNING] See http://maven.apache.org/plugins/maven-shade-plugin/
[INFO] Replacing original artifact with shaded artifact.
[INFO] Replacing E:\Bibliotheken\Dokumente\Spigotprogramming\Dreamland\Dreamland-Plugin\Spigot\Spigot\Spigot-Server\target\spigot-1.12.2-R0.1-SNAPSHOT.jar with E:\Bibliotheken\Dokumente\Spigotprogramming\Dreamland\Dreamland-Plugin\Spigot\Spigot\Spigot-Server\target\spigot-1.12.2-R0.1-SNAPSHOT-shaded.jar
[INFO] Dependency-reduced POM written at: E:\Bibliotheken\Dokumente\Spigotprogramming\Dreamland\Dreamland-Plugin\Spigot\Spigot\Spigot-Server\dependency-reduced-pom.xml
[INFO] 
[INFO] --- maven-install-plugin:2.4:install (default-install) @ spigot ---
[INFO] Installing E:\Bibliotheken\Dokumente\Spigotprogramming\Dreamland\Dreamland-Plugin\Spigot\Spigot\Spigot-Server\target\spigot-1.12.2-R0.1-SNAPSHOT.jar to C:\Users\Steffen Kahl\.m2\repository\org\spigotmc\spigot\1.12.2-R0.1-SNAPSHOT\spigot-1.12.2-R0.1-SNAPSHOT.jar
[INFO] Installing E:\Bibliotheken\Dokumente\Spigotprogramming\Dreamland\Dreamland-Plugin\Spigot\Spigot\Spigot-Server\dependency-reduced-pom.xml to C:\Users\Steffen Kahl\.m2\repository\org\spigotmc\spigot\1.12.2-R0.1-SNAPSHOT\spigot-1.12.2-R0.1-SNAPSHOT.pom
[INFO] ------------------------------------------------------------------------
[INFO] Reactor Summary:
[INFO] 
[INFO] Spigot-API ......................................... SUCCESS [ 11.354 s]
[INFO] Spigot-Parent ...................................... SUCCESS [  0.068 s]
[INFO] Spigot ............................................. SUCCESS [ 28.723 s]
[INFO] ------------------------------------------------------------------------
[INFO] BUILD SUCCESS
[INFO] ------------------------------------------------------------------------
[INFO] Total time: 40.242 s
[INFO] Finished at: 2018-05-01T00:17:12+02:00
[INFO] Final Memory: 33M/572M
[INFO] ------------------------------------------------------------------------
 
 
 
 
 
 
 
 
 
 
 
 
 
 
 
 
 
 
 
 
 
 
 
 
 
 
 
 
 
 
 
 
 
 
 
Success! Everything compiled successfully. Copying final .jar files now.
Copying craftbukkit-1.12.2-R0.1-SNAPSHOT.jar to E:\Bibliotheken\Dokumente\Spigotprogramming\Dreamland\Dreamland-Plugin\Spigot\.\craftbukkit-1.12.2.jar
  - Saved as .\craftbukkit-1.12.2.jar
Copying spigot-1.12.2-R0.1-SNAPSHOT.jar to E:\Bibliotheken\Dokumente\Spigotprogramming\Dreamland\Dreamland-Plugin\Spigot\.\spigot-1.12.2.jar
  - Saved as .\spigot-1.12.2.jar
